This file contains any messages produced by compilers while
running configure, to aid debugging if configure makes a mistake.

It was created by libgsf configure 1.14.30, which was
generated by GNU Autoconf 2.69.  Invocation command line was

  $ ./configure --prefix=/srv/home/dwong/consensus-learning-paper/ --disable-static

## --------- ##
## Platform. ##
## --------- ##

hostname = mk-gpu-1.c.keiserlab.org
uname -m = x86_64
uname -r = 3.10.0-1127.8.2.el7.x86_64
uname -s = Linux
uname -v = #1 SMP Tue May 12 16:57:42 UTC 2020

/usr/bin/uname -p = x86_64
/bin/uname -X     = unknown

/bin/arch              = x86_64
/usr/bin/arch -k       = unknown
/usr/convex/getsysinfo = unknown
/usr/bin/hostinfo      = unknown
/bin/machine           = unknown
/usr/bin/oslevel       = unknown
/bin/universe          = unknown

PATH: /srv/home/dwong/anaconda3/envs/oldpyvips/bin
PATH: /srv/home/dwong/anaconda3/condabin
PATH: /srv/home/dwong/anaconda/bin
PATH: /usr/local/bin
PATH: /usr/bin
PATH: /usr/local/sbin
PATH: /usr/sbin
PATH: /srv/home/dwong/.local/bin
PATH: /srv/home/dwong/bin


## ----------- ##
## Core tests. ##
## ----------- ##

configure:2603: checking for a BSD-compatible install
configure:2671: result: /usr/bin/install -c
configure:2682: checking whether build environment is sane
configure:2737: result: yes
configure:2775: WARNING: 'missing' script is too old or missing
configure:2888: checking for a thread-safe mkdir -p
configure:2927: result: /usr/bin/mkdir -p
configure:2934: checking for gawk
configure:2950: found /usr/bin/gawk
configure:2961: result: gawk
configure:2972: checking whether make sets $(MAKE)
configure:2994: result: yes
configure:3023: checking whether make supports nested variables
configure:3040: result: yes
configure:3128: checking whether to enable maintainer-specific portions of Makefiles
configure:3137: result: yes
configure:3162: checking whether make supports nested variables
configure:3179: result: yes
configure:3242: checking for gcc
configure:3258: found /usr/bin/gcc
configure:3269: result: gcc
configure:3498: checking for C compiler version
configure:3507: gcc --version >&5
gcc (GCC) 4.8.5 20150623 (Red Hat 4.8.5-39)
Copyright (C) 2015 Free Software Foundation, Inc.
This is free software; see the source for copying conditions.  There is NO
warranty; not even for MERCHANTABILITY or FITNESS FOR A PARTICULAR PURPOSE.

configure:3518: $? = 0
configure:3507: gcc -v >&5
Using built-in specs.
COLLECT_GCC=gcc
COLLECT_LTO_WRAPPER=/usr/libexec/gcc/x86_64-redhat-linux/4.8.5/lto-wrapper
Target: x86_64-redhat-linux
Configured with: ../configure --prefix=/usr --mandir=/usr/share/man --infodir=/usr/share/info --with-bugurl=http://bugzilla.redhat.com/bugzilla --enable-bootstrap --enable-shared --enable-threads=posix --enable-checking=release --with-system-zlib --enable-__cxa_atexit --disable-libunwind-exceptions --enable-gnu-unique-object --enable-linker-build-id --with-linker-hash-style=gnu --enable-languages=c,c++,objc,obj-c++,java,fortran,ada,go,lto --enable-plugin --enable-initfini-array --disable-libgcj --with-isl=/builddir/build/BUILD/gcc-4.8.5-20150702/obj-x86_64-redhat-linux/isl-install --with-cloog=/builddir/build/BUILD/gcc-4.8.5-20150702/obj-x86_64-redhat-linux/cloog-install --enable-gnu-indirect-function --with-tune=generic --with-arch_32=x86-64 --build=x86_64-redhat-linux
Thread model: posix
gcc version 4.8.5 20150623 (Red Hat 4.8.5-39) (GCC) 
configure:3518: $? = 0
configure:3507: gcc -V >&5
gcc: error: unrecognized command line option '-V'
gcc: fatal error: no input files
compilation terminated.
configure:3518: $? = 4
configure:3507: gcc -qversion >&5
gcc: error: unrecognized command line option '-qversion'
gcc: fatal error: no input files
compilation terminated.
configure:3518: $? = 4
configure:3538: checking whether the C compiler works
configure:3560: gcc    conftest.c  >&5
configure:3564: $? = 0
configure:3612: result: yes
configure:3615: checking for C compiler default output file name
configure:3617: result: a.out
configure:3623: checking for suffix of executables
configure:3630: gcc -o conftest    conftest.c  >&5
configure:3634: $? = 0
configure:3656: result: 
configure:3678: checking whether we are cross compiling
configure:3686: gcc -o conftest    conftest.c  >&5
configure:3690: $? = 0
configure:3697: ./conftest
configure:3701: $? = 0
configure:3716: result: no
configure:3721: checking for suffix of object files
configure:3743: gcc -c   conftest.c >&5
configure:3747: $? = 0
configure:3768: result: o
configure:3772: checking whether we are using the GNU C compiler
configure:3791: gcc -c   conftest.c >&5
configure:3791: $? = 0
configure:3800: result: yes
configure:3809: checking whether gcc accepts -g
configure:3829: gcc -c -g  conftest.c >&5
configure:3829: $? = 0
configure:3870: result: yes
configure:3887: checking for gcc option to accept ISO C89
configure:3950: gcc  -c -g -O2  conftest.c >&5
configure:3950: $? = 0
configure:3963: result: none needed
configure:3994: checking for style of include used by make
configure:4022: result: GNU
configure:4048: checking dependency style of gcc
configure:4159: result: gcc3
configure:4174: checking whether make sets $(MAKE)
configure:4196: result: yes
configure:4235: checking build system type
configure:4249: result: x86_64-unknown-linux-gnu
configure:4269: checking host system type
configure:4282: result: x86_64-unknown-linux-gnu
configure:4323: checking how to print strings
configure:4350: result: printf
configure:4371: checking for a sed that does not truncate output
configure:4435: result: /usr/bin/sed
configure:4453: checking for grep that handles long lines and -e
configure:4511: result: /usr/bin/grep
configure:4516: checking for egrep
configure:4578: result: /usr/bin/grep -E
configure:4583: checking for fgrep
configure:4645: result: /usr/bin/grep -F
configure:4680: checking for ld used by gcc
configure:4747: result: /usr/bin/ld
configure:4754: checking if the linker (/usr/bin/ld) is GNU ld
configure:4769: result: yes
configure:4781: checking for BSD- or MS-compatible name lister (nm)
configure:4830: result: /usr/bin/nm -B
configure:4960: checking the name lister (/usr/bin/nm -B) interface
configure:4967: gcc -c -g -O2  conftest.c >&5
configure:4970: /usr/bin/nm -B "conftest.o"
configure:4973: output
0000000000000000 B some_variable
configure:4980: result: BSD nm
configure:4983: checking whether ln -s works
configure:4987: result: yes
configure:4995: checking the maximum length of command line arguments
configure:5126: result: 1572864
configure:5143: checking whether the shell understands some XSI constructs
configure:5153: result: yes
configure:5157: checking whether the shell understands "+="
configure:5163: result: yes
configure:5198: checking how to convert x86_64-unknown-linux-gnu file names to x86_64-unknown-linux-gnu format
configure:5238: result: func_convert_file_noop
configure:5245: checking how to convert x86_64-unknown-linux-gnu file names to toolchain format
configure:5265: result: func_convert_file_noop
configure:5272: checking for /usr/bin/ld option to reload object files
configure:5279: result: -r
configure:5353: checking for objdump
configure:5369: found /usr/bin/objdump
configure:5380: result: objdump
configure:5409: checking how to recognize dependent libraries
configure:5607: result: pass_all
configure:5692: checking for dlltool
configure:5722: result: no
configure:5749: checking how to associate runtime and link libraries
configure:5776: result: printf %s\n
configure:5837: checking for ar
configure:5853: found /usr/bin/ar
configure:5864: result: ar
configure:5901: checking for archiver @FILE support
configure:5918: gcc -c -g -O2  conftest.c >&5
configure:5918: $? = 0
configure:5921: ar cru libconftest.a @conftest.lst >&5
configure:5924: $? = 0
configure:5929: ar cru libconftest.a @conftest.lst >&5
ar: conftest.o: No such file or directory
configure:5932: $? = 1
configure:5944: result: @
configure:6002: checking for strip
configure:6018: found /usr/bin/strip
configure:6029: result: strip
configure:6101: checking for ranlib
configure:6117: found /usr/bin/ranlib
configure:6128: result: ranlib
configure:6230: checking command to parse /usr/bin/nm -B output from gcc object
configure:6350: gcc -c -g -O2  conftest.c >&5
configure:6353: $? = 0
configure:6357: /usr/bin/nm -B conftest.o \| sed -n -e 's/^.*[ ]\([ABCDGIRSTW][ABCDGIRSTW]*\)[ ][ ]*\([_A-Za-z][_A-Za-z0-9]*\)$/\1 \2 \2/p' | sed '/ __gnu_lto/d' \> conftest.nm
configure:6360: $? = 0
configure:6426: gcc -o conftest -g -O2   conftest.c conftstm.o >&5
configure:6429: $? = 0
configure:6467: result: ok
configure:6504: checking for sysroot
configure:6534: result: no
configure:6611: gcc -c -g -O2  conftest.c >&5
configure:6614: $? = 0
configure:6797: checking for mt
configure:6827: result: no
configure:6847: checking if : is a manifest tool
configure:6853: : '-?'
configure:6861: result: no
configure:7503: checking how to run the C preprocessor
configure:7534: gcc -E  conftest.c
configure:7534: $? = 0
configure:7548: gcc -E  conftest.c
conftest.c:11:28: fatal error: ac_nonexistent.h: No such file or directory
 #include <ac_nonexistent.h>
                            ^
compilation terminated.
configure:7548: $? = 1
configure: failed program was:
| /* confdefs.h */
| #define PACKAGE_NAME "libgsf"
| #define PACKAGE_TARNAME "libgsf"
| #define PACKAGE_VERSION "1.14.30"
| #define PACKAGE_STRING "libgsf 1.14.30"
| #define PACKAGE_BUGREPORT "http://bugzilla.gnome.org/enter_bug.cgi?product=libgsf"
| #define PACKAGE_URL ""
| #define PACKAGE "libgsf"
| #define VERSION "1.14.30"
| /* end confdefs.h.  */
| #include <ac_nonexistent.h>
configure:7573: result: gcc -E
configure:7593: gcc -E  conftest.c
configure:7593: $? = 0
configure:7607: gcc -E  conftest.c
conftest.c:11:28: fatal error: ac_nonexistent.h: No such file or directory
 #include <ac_nonexistent.h>
                            ^
compilation terminated.
configure:7607: $? = 1
configure: failed program was:
| /* confdefs.h */
| #define PACKAGE_NAME "libgsf"
| #define PACKAGE_TARNAME "libgsf"
| #define PACKAGE_VERSION "1.14.30"
| #define PACKAGE_STRING "libgsf 1.14.30"
| #define PACKAGE_BUGREPORT "http://bugzilla.gnome.org/enter_bug.cgi?product=libgsf"
| #define PACKAGE_URL ""
| #define PACKAGE "libgsf"
| #define VERSION "1.14.30"
| /* end confdefs.h.  */
| #include <ac_nonexistent.h>
configure:7636: checking for ANSI C header files
configure:7656: gcc -c -g -O2  conftest.c >&5
configure:7656: $? = 0
configure:7729: gcc -o conftest -g -O2   conftest.c  >&5
configure:7729: $? = 0
configure:7729: ./conftest
configure:7729: $? = 0
configure:7740: result: yes
configure:7753: checking for sys/types.h
configure:7753: gcc -c -g -O2  conftest.c >&5
configure:7753: $? = 0
configure:7753: result: yes
configure:7753: checking for sys/stat.h
configure:7753: gcc -c -g -O2  conftest.c >&5
configure:7753: $? = 0
configure:7753: result: yes
configure:7753: checking for stdlib.h
configure:7753: gcc -c -g -O2  conftest.c >&5
configure:7753: $? = 0
configure:7753: result: yes
configure:7753: checking for string.h
configure:7753: gcc -c -g -O2  conftest.c >&5
configure:7753: $? = 0
configure:7753: result: yes
configure:7753: checking for memory.h
configure:7753: gcc -c -g -O2  conftest.c >&5
configure:7753: $? = 0
configure:7753: result: yes
configure:7753: checking for strings.h
configure:7753: gcc -c -g -O2  conftest.c >&5
configure:7753: $? = 0
configure:7753: result: yes
configure:7753: checking for inttypes.h
configure:7753: gcc -c -g -O2  conftest.c >&5
configure:7753: $? = 0
configure:7753: result: yes
configure:7753: checking for stdint.h
configure:7753: gcc -c -g -O2  conftest.c >&5
configure:7753: $? = 0
configure:7753: result: yes
configure:7753: checking for unistd.h
configure:7753: gcc -c -g -O2  conftest.c >&5
configure:7753: $? = 0
configure:7753: result: yes
configure:7767: checking for dlfcn.h
configure:7767: gcc -c -g -O2  conftest.c >&5
configure:7767: $? = 0
configure:7767: result: yes
configure:8271: checking for objdir
configure:8286: result: .libs
configure:8557: checking if gcc supports -fno-rtti -fno-exceptions
configure:8575: gcc -c -g -O2  -fno-rtti -fno-exceptions conftest.c >&5
cc1: warning: command line option '-fno-rtti' is valid for C++/ObjC++ but not for C [enabled by default]
configure:8579: $? = 0
configure:8592: result: no
configure:8919: checking for gcc option to produce PIC
configure:8926: result: -fPIC -DPIC
configure:8934: checking if gcc PIC flag -fPIC -DPIC works
configure:8952: gcc -c -g -O2  -fPIC -DPIC -DPIC conftest.c >&5
configure:8956: $? = 0
configure:8969: result: yes
configure:8998: checking if gcc static flag -static works
configure:9026: result: no
configure:9041: checking if gcc supports -c -o file.o
configure:9062: gcc -c -g -O2  -o out/conftest2.o conftest.c >&5
configure:9066: $? = 0
configure:9088: result: yes
configure:9096: checking if gcc supports -c -o file.o
configure:9143: result: yes
configure:9176: checking whether the gcc linker (/usr/bin/ld -m elf_x86_64) supports shared libraries
configure:10333: result: yes
configure:10370: checking whether -lc should be explicitly linked in
configure:10378: gcc -c -g -O2  conftest.c >&5
configure:10381: $? = 0
configure:10396: gcc -shared  -fPIC -DPIC conftest.o  -v -Wl,-soname -Wl,conftest -o conftest 2\>\&1 \| /usr/bin/grep  -lc  \>/dev/null 2\>\&1
configure:10399: $? = 0
configure:10413: result: no
configure:10573: checking dynamic linker characteristics
configure:11073: gcc -o conftest -g -O2   -Wl,-rpath -Wl,/foo conftest.c  >&5
configure:11073: $? = 0
configure:11307: result: GNU/Linux ld.so
configure:11414: checking how to hardcode library paths into programs
configure:11439: result: immediate
configure:11979: checking whether stripping libraries is possible
configure:11984: result: yes
configure:12019: checking if libtool supports shared libraries
configure:12021: result: yes
configure:12024: checking whether to build shared libraries
configure:12045: result: yes
configure:12048: checking whether to build static libraries
configure:12052: result: no
configure:12090: checking for _LARGEFILE_SOURCE value needed for large files
configure:12109: gcc -o conftest -g -O2   conftest.c  >&5
configure:12109: $? = 0
configure:12137: result: no
configure:12165: checking for special C compiler options needed for large files
configure:12210: result: no
configure:12216: checking for _FILE_OFFSET_BITS value needed for large files
configure:12241: gcc -c -g -O2  conftest.c >&5
configure:12241: $? = 0
configure:12273: result: no
configure:12360: checking for pkg-config
configure:12378: found /usr/bin/pkg-config
configure:12391: result: /usr/bin/pkg-config
configure:12402: checking whether NLS is requested
configure:12411: result: yes
configure:12429: checking for intltool >= 0.35.0
configure:12431: result: 0.50.2 found
configure:12439: checking for intltool-update
configure:12457: found /usr/bin/intltool-update
configure:12469: result: /usr/bin/intltool-update
configure:12479: checking for intltool-merge
configure:12497: found /usr/bin/intltool-merge
configure:12509: result: /usr/bin/intltool-merge
configure:12519: checking for intltool-extract
configure:12537: found /usr/bin/intltool-extract
configure:12549: result: /usr/bin/intltool-extract
configure:12703: checking for xgettext
configure:12721: found /srv/home/dwong/anaconda3/envs/oldpyvips/bin/xgettext
configure:12733: result: /srv/home/dwong/anaconda3/envs/oldpyvips/bin/xgettext
configure:12743: checking for msgmerge
configure:12761: found /srv/home/dwong/anaconda3/envs/oldpyvips/bin/msgmerge
configure:12773: result: /srv/home/dwong/anaconda3/envs/oldpyvips/bin/msgmerge
configure:12783: checking for msgfmt
configure:12801: found /srv/home/dwong/anaconda3/envs/oldpyvips/bin/msgfmt
configure:12813: result: /srv/home/dwong/anaconda3/envs/oldpyvips/bin/msgfmt
configure:12823: checking for gmsgfmt
configure:12854: result: /srv/home/dwong/anaconda3/envs/oldpyvips/bin/msgfmt
configure:12874: checking for perl
configure:12892: found /usr/bin/perl
configure:12904: result: /usr/bin/perl
configure:12915: checking for perl >= 5.8.1
configure:12922: result: 5.16.3
configure:12926: checking for XML::Parser
configure:12929: result: ok
configure:12954: gcc -o conftest -g -O2   conftest.c  >&5
configure:12954: $? = 0
configure:12984: checking locale.h usability
configure:12984: gcc -c -g -O2  conftest.c >&5
configure:12984: $? = 0
configure:12984: result: yes
configure:12984: checking locale.h presence
configure:12984: gcc -E  conftest.c
configure:12984: $? = 0
configure:12984: result: yes
configure:12984: checking for locale.h
configure:12984: result: yes
configure:12995: checking for LC_MESSAGES
configure:13011: gcc -o conftest -g -O2   conftest.c  >&5
configure:13011: $? = 0
configure:13019: result: yes
configure:13036: checking libintl.h usability
configure:13036: gcc -c -g -O2  conftest.c >&5
configure:13036: $? = 0
configure:13036: result: yes
configure:13036: checking libintl.h presence
configure:13036: gcc -E  conftest.c
configure:13036: $? = 0
configure:13036: result: yes
configure:13036: checking for libintl.h
configure:13036: result: yes
configure:13044: checking for ngettext in libc
configure:13062: gcc -o conftest -g -O2   conftest.c  >&5
configure:13062: $? = 0
configure:13071: result: yes
configure:13075: checking for dgettext in libc
configure:13093: gcc -o conftest -g -O2   conftest.c  >&5
configure:13093: $? = 0
configure:13102: result: yes
configure:13109: checking for bind_textdomain_codeset
configure:13109: gcc -o conftest -g -O2   conftest.c  >&5
configure:13109: $? = 0
configure:13109: result: yes
configure:13385: checking for msgfmt
configure:13412: result: /srv/home/dwong/anaconda3/envs/oldpyvips/bin/msgfmt
configure:13423: checking for dcgettext
configure:13423: gcc -o conftest -g -O2   conftest.c   >&5
conftest.c:51:6: warning: conflicting types for built-in function 'dcgettext' [enabled by default]
 char dcgettext ();
      ^
configure:13423: $? = 0
configure:13423: result: yes
configure:13433: checking if msgfmt accepts -c
configure:13448: $MSGFMT -c -o /dev/null conftest.foo
conftest.foo:3: warning: header field 'Language' missing in header
configure:13451: $? = 0
configure:13453: result: yes
configure:13463: checking for gmsgfmt
configure:13494: result: /srv/home/dwong/anaconda3/envs/oldpyvips/bin/msgfmt
configure:13504: checking for xgettext
configure:13531: result: /srv/home/dwong/anaconda3/envs/oldpyvips/bin/xgettext
configure:13550: gcc -o conftest -g -O2   conftest.c   >&5
configure:13550: $? = 0
configure:13815: checking pkg-config is at least version 0.9.0
configure:13818: result: yes
configure:13828: checking for LIBGSF
configure:13835: $PKG_CONFIG --exists --print-errors "$libgsf_reqs"
configure:13838: $? = 0
configure:13852: $PKG_CONFIG --exists --print-errors "$libgsf_reqs"
configure:13855: $? = 0
configure:13913: result: yes
configure:13927: checking for gobject-introspection
configure:13978: result: no (disabled, use --enable-introspection to enable)
configure:14102: checking whether gcc understands -Wall
configure:14115: gcc -c -g -O2 -Wall  conftest.c >&5
configure:14115: $? = 0
configure:14122: result: yes
configure:14102: checking whether gcc understands -Wstrict-prototypes
configure:14115: gcc -c -g -O2 -Wstrict-prototypes  conftest.c >&5
conftest.c:33:1: warning: function declaration isn't a prototype [-Wstrict-prototypes]
 main ()
 ^
configure:14115: $? = 0
configure:14122: result: yes
configure:14102: checking whether gcc understands -Wnested-externs
configure:14115: gcc -c -g -O2 -Wnested-externs  conftest.c >&5
configure:14115: $? = 0
configure:14122: result: yes
configure:14102: checking whether gcc understands -Werror=missing-prototypes
configure:14115: gcc -c -g -O2 -Werror=missing-prototypes  conftest.c >&5
configure:14115: $? = 0
configure:14122: result: yes
configure:14102: checking whether gcc understands -Werror=implicit-function-declaration
configure:14115: gcc -c -g -O2 -Werror=implicit-function-declaration  conftest.c >&5
configure:14115: $? = 0
configure:14122: result: yes
configure:14102: checking whether gcc understands -Werror=pointer-arith
configure:14115: gcc -c -g -O2 -Werror=pointer-arith  conftest.c >&5
configure:14115: $? = 0
configure:14122: result: yes
configure:14102: checking whether gcc understands -Werror=init-self
configure:14115: gcc -c -g -O2 -Werror=init-self  conftest.c >&5
configure:14115: $? = 0
configure:14122: result: yes
configure:14102: checking whether gcc understands -Werror=format-security
configure:14115: gcc -c -g -O2 -Werror=format-security  conftest.c >&5
cc1: error: -Wformat-security ignored without -Wformat [-Werror=format-security]
cc1: some warnings being treated as errors
configure:14115: $? = 1
configure: failed program was:
| /* confdefs.h */
| #define PACKAGE_NAME "libgsf"
| #define PACKAGE_TARNAME "libgsf"
| #define PACKAGE_VERSION "1.14.30"
| #define PACKAGE_STRING "libgsf 1.14.30"
| #define PACKAGE_BUGREPORT "http://bugzilla.gnome.org/enter_bug.cgi?product=libgsf"
| #define PACKAGE_URL ""
| #define PACKAGE "libgsf"
| #define VERSION "1.14.30"
| #define STDC_HEADERS 1
| #define HAVE_SYS_TYPES_H 1
| #define HAVE_SYS_STAT_H 1
| #define HAVE_STDLIB_H 1
| #define HAVE_STRING_H 1
| #define HAVE_MEMORY_H 1
| #define HAVE_STRINGS_H 1
| #define HAVE_INTTYPES_H 1
| #define HAVE_STDINT_H 1
| #define HAVE_UNISTD_H 1
| #define HAVE_DLFCN_H 1
| #define LT_OBJDIR ".libs/"
| #define HAVE_FSEEKO 1
| #define HAVE_LOCALE_H 1
| #define HAVE_LC_MESSAGES 1
| #define HAVE_BIND_TEXTDOMAIN_CODESET 1
| #define HAVE_GETTEXT 1
| #define HAVE_DCGETTEXT 1
| #define ENABLE_NLS 1
| #define GETTEXT_PACKAGE "libgsf"
| /* end confdefs.h.  */
| 
| int
| main ()
| {
| 
|   ;
|   return 0;
| }
configure:14122: result: no
configure:14102: checking whether gcc understands -Werror=format=2
configure:14115: gcc -c -g -O2 -Werror=format=2  conftest.c >&5
configure:14115: $? = 0
configure:14122: result: yes
configure:14102: checking whether gcc understands -Werror=missing-include-dirs
configure:14115: gcc -c -g -O2 -Werror=missing-include-dirs  conftest.c >&5
configure:14115: $? = 0
configure:14122: result: yes
configure:14132: checking what warning flags to pass to the C compiler
configure:14134: result:  -Wall -Wstrict-prototypes -Wnested-externs -Werror=missing-prototypes -Werror=implicit-function-declaration -Werror=pointer-arith -Werror=init-self -Werror=format=2 -Werror=missing-include-dirs
configure:14145: checking what language compliance flags to pass to the C compiler
configure:14160: result: 
configure:14173: checking whether gcc understands -Werror=unknown-warning-option
configure:14186: gcc -c -g -O2  -Wall -Wstrict-prototypes -Wnested-externs -Werror=missing-prototypes -Werror=implicit-function-declaration -Werror=pointer-arith -Werror=init-self -Werror=format=2 -Werror=missing-include-dirs  -DG_DISABLE_DEPRECATED -Werror=unknown-warning-option  conftest.c >&5
cc1: error: -Werror=unknown-warning-option: no option -Wunknown-warning-option
configure:14186: $? = 1
configure: failed program was:
| /* confdefs.h */
| #define PACKAGE_NAME "libgsf"
| #define PACKAGE_TARNAME "libgsf"
| #define PACKAGE_VERSION "1.14.30"
| #define PACKAGE_STRING "libgsf 1.14.30"
| #define PACKAGE_BUGREPORT "http://bugzilla.gnome.org/enter_bug.cgi?product=libgsf"
| #define PACKAGE_URL ""
| #define PACKAGE "libgsf"
| #define VERSION "1.14.30"
| #define STDC_HEADERS 1
| #define HAVE_SYS_TYPES_H 1
| #define HAVE_SYS_STAT_H 1
| #define HAVE_STDLIB_H 1
| #define HAVE_STRING_H 1
| #define HAVE_MEMORY_H 1
| #define HAVE_STRINGS_H 1
| #define HAVE_INTTYPES_H 1
| #define HAVE_STDINT_H 1
| #define HAVE_UNISTD_H 1
| #define HAVE_DLFCN_H 1
| #define LT_OBJDIR ".libs/"
| #define HAVE_FSEEKO 1
| #define HAVE_LOCALE_H 1
| #define HAVE_LC_MESSAGES 1
| #define HAVE_BIND_TEXTDOMAIN_CODESET 1
| #define HAVE_GETTEXT 1
| #define HAVE_DCGETTEXT 1
| #define ENABLE_NLS 1
| #define GETTEXT_PACKAGE "libgsf"
| /* end confdefs.h.  */
| 
| int
| main ()
| {
| 
|   ;
|   return 0;
| }
configure:14192: result: no
configure:14210: checking whether gcc understands -Wsign-compare
configure:14223: gcc -c -g -O2  -Wall -Wstrict-prototypes -Wnested-externs -Werror=missing-prototypes -Werror=implicit-function-declaration -Werror=pointer-arith -Werror=init-self -Werror=format=2 -Werror=missing-include-dirs  -DG_DISABLE_DEPRECATED  -Wsign-compare  conftest.c >&5
conftest.c:33:1: warning: function declaration isn't a prototype [-Wstrict-prototypes]
 main ()
 ^
configure:14223: $? = 0
configure:14233: result: yes
configure:14210: checking whether gcc understands -Wpointer-arith
configure:14223: gcc -c -g -O2  -Wall -Wstrict-prototypes -Wnested-externs -Werror=missing-prototypes -Werror=implicit-function-declaration -Werror=pointer-arith -Werror=init-self -Werror=format=2 -Werror=missing-include-dirs  -DG_DISABLE_DEPRECATED -Wsign-compare  -Wpointer-arith  conftest.c >&5
conftest.c:33:1: warning: function declaration isn't a prototype [-Wstrict-prototypes]
 main ()
 ^
configure:14223: $? = 0
configure:14233: result: yes
configure:14210: checking whether gcc understands -Wchar-subscripts
configure:14223: gcc -c -g -O2  -Wall -Wstrict-prototypes -Wnested-externs -Werror=missing-prototypes -Werror=implicit-function-declaration -Werror=pointer-arith -Werror=init-self -Werror=format=2 -Werror=missing-include-dirs  -DG_DISABLE_DEPRECATED -Wsign-compare -Wpointer-arith  -Wchar-subscripts  conftest.c >&5
conftest.c:33:1: warning: function declaration isn't a prototype [-Wstrict-prototypes]
 main ()
 ^
configure:14223: $? = 0
configure:14233: result: yes
configure:14210: checking whether gcc understands -Wwrite-strings
configure:14223: gcc -c -g -O2  -Wall -Wstrict-prototypes -Wnested-externs -Werror=missing-prototypes -Werror=implicit-function-declaration -Werror=pointer-arith -Werror=init-self -Werror=format=2 -Werror=missing-include-dirs  -DG_DISABLE_DEPRECATED -Wsign-compare -Wpointer-arith -Wchar-subscripts  -Wwrite-strings  conftest.c >&5
conftest.c:33:1: warning: function declaration isn't a prototype [-Wstrict-prototypes]
 main ()
 ^
configure:14223: $? = 0
configure:14233: result: yes
configure:14210: checking whether gcc understands -Wdeclaration-after-statement
configure:14223: gcc -c -g -O2  -Wall -Wstrict-prototypes -Wnested-externs -Werror=missing-prototypes -Werror=implicit-function-declaration -Werror=pointer-arith -Werror=init-self -Werror=format=2 -Werror=missing-include-dirs  -DG_DISABLE_DEPRECATED -Wsign-compare -Wpointer-arith -Wchar-subscripts -Wwrite-strings  -Wdeclaration-after-statement  conftest.c >&5
conftest.c:33:1: warning: function declaration isn't a prototype [-Wstrict-prototypes]
 main ()
 ^
configure:14223: $? = 0
configure:14233: result: yes
configure:14210: checking whether gcc understands -Wnested-externs
configure:14223: gcc -c -g -O2  -Wall -Wstrict-prototypes -Wnested-externs -Werror=missing-prototypes -Werror=implicit-function-declaration -Werror=pointer-arith -Werror=init-self -Werror=format=2 -Werror=missing-include-dirs  -DG_DISABLE_DEPRECATED -Wsign-compare -Wpointer-arith -Wchar-subscripts -Wwrite-strings -Wdeclaration-after-statement  -Wnested-externs  conftest.c >&5
conftest.c:33:1: warning: function declaration isn't a prototype [-Wstrict-prototypes]
 main ()
 ^
configure:14223: $? = 0
configure:14233: result: yes
configure:14210: checking whether gcc understands -Wmissing-noreturn
configure:14223: gcc -c -g -O2  -Wall -Wstrict-prototypes -Wnested-externs -Werror=missing-prototypes -Werror=implicit-function-declaration -Werror=pointer-arith -Werror=init-self -Werror=format=2 -Werror=missing-include-dirs  -DG_DISABLE_DEPRECATED -Wsign-compare -Wpointer-arith -Wchar-subscripts -Wwrite-strings -Wdeclaration-after-statement -Wnested-externs  -Wmissing-noreturn  conftest.c >&5
conftest.c:33:1: warning: function declaration isn't a prototype [-Wstrict-prototypes]
 main ()
 ^
configure:14223: $? = 0
configure:14233: result: yes
configure:14210: checking whether gcc understands -Werror=missing-prototypes
configure:14223: gcc -c -g -O2  -Wall -Wstrict-prototypes -Wnested-externs -Werror=missing-prototypes -Werror=implicit-function-declaration -Werror=pointer-arith -Werror=init-self -Werror=format=2 -Werror=missing-include-dirs  -DG_DISABLE_DEPRECATED -Wsign-compare -Wpointer-arith -Wchar-subscripts -Wwrite-strings -Wdeclaration-after-statement -Wnested-externs -Wmissing-noreturn  -Werror=missing-prototypes  conftest.c >&5
conftest.c:33:1: warning: function declaration isn't a prototype [-Wstrict-prototypes]
 main ()
 ^
configure:14223: $? = 0
configure:14233: result: yes
configure:14210: checking whether gcc understands -Werror=nested-externs
configure:14223: gcc -c -g -O2  -Wall -Wstrict-prototypes -Wnested-externs -Werror=missing-prototypes -Werror=implicit-function-declaration -Werror=pointer-arith -Werror=init-self -Werror=format=2 -Werror=missing-include-dirs  -DG_DISABLE_DEPRECATED -Wsign-compare -Wpointer-arith -Wchar-subscripts -Wwrite-strings -Wdeclaration-after-statement -Wnested-externs -Wmissing-noreturn -Werror=missing-prototypes  -Werror=nested-externs  conftest.c >&5
conftest.c:33:1: warning: function declaration isn't a prototype [-Wstrict-prototypes]
 main ()
 ^
configure:14223: $? = 0
configure:14233: result: yes
configure:14210: checking whether gcc understands -Werror=implicit-function-declaration
configure:14223: gcc -c -g -O2  -Wall -Wstrict-prototypes -Wnested-externs -Werror=missing-prototypes -Werror=implicit-function-declaration -Werror=pointer-arith -Werror=init-self -Werror=format=2 -Werror=missing-include-dirs  -DG_DISABLE_DEPRECATED -Wsign-compare -Wpointer-arith -Wchar-subscripts -Wwrite-strings -Wdeclaration-after-statement -Wnested-externs -Wmissing-noreturn -Werror=missing-prototypes -Werror=nested-externs  -Werror=implicit-function-declaration  conftest.c >&5
conftest.c:33:1: warning: function declaration isn't a prototype [-Wstrict-prototypes]
 main ()
 ^
configure:14223: $? = 0
configure:14233: result: yes
configure:14210: checking whether gcc understands -Wmissing-declarations
configure:14223: gcc -c -g -O2  -Wall -Wstrict-prototypes -Wnested-externs -Werror=missing-prototypes -Werror=implicit-function-declaration -Werror=pointer-arith -Werror=init-self -Werror=format=2 -Werror=missing-include-dirs  -DG_DISABLE_DEPRECATED -Wsign-compare -Wpointer-arith -Wchar-subscripts -Wwrite-strings -Wdeclaration-after-statement -Wnested-externs -Wmissing-noreturn -Werror=missing-prototypes -Werror=nested-externs -Werror=implicit-function-declaration  -Wmissing-declarations  conftest.c >&5
conftest.c:33:1: warning: function declaration isn't a prototype [-Wstrict-prototypes]
 main ()
 ^
configure:14223: $? = 0
configure:14233: result: yes
configure:14210: checking whether gcc understands -Wno-pointer-sign
configure:14223: gcc -c -g -O2  -Wall -Wstrict-prototypes -Wnested-externs -Werror=missing-prototypes -Werror=implicit-function-declaration -Werror=pointer-arith -Werror=init-self -Werror=format=2 -Werror=missing-include-dirs  -DG_DISABLE_DEPRECATED -Wsign-compare -Wpointer-arith -Wchar-subscripts -Wwrite-strings -Wdeclaration-after-statement -Wnested-externs -Wmissing-noreturn -Werror=missing-prototypes -Werror=nested-externs -Werror=implicit-function-declaration -Wmissing-declarations  -Wno-pointer-sign  conftest.c >&5
conftest.c:33:1: warning: function declaration isn't a prototype [-Wstrict-prototypes]
 main ()
 ^
configure:14223: $? = 0
configure:14233: result: yes
configure:14210: checking whether gcc understands -Werror=format-security
configure:14223: gcc -c -g -O2  -Wall -Wstrict-prototypes -Wnested-externs -Werror=missing-prototypes -Werror=implicit-function-declaration -Werror=pointer-arith -Werror=init-self -Werror=format=2 -Werror=missing-include-dirs  -DG_DISABLE_DEPRECATED -Wsign-compare -Wpointer-arith -Wchar-subscripts -Wwrite-strings -Wdeclaration-after-statement -Wnested-externs -Wmissing-noreturn -Werror=missing-prototypes -Werror=nested-externs -Werror=implicit-function-declaration -Wmissing-declarations -Wno-pointer-sign  -Werror=format-security  conftest.c >&5
conftest.c:33:1: warning: function declaration isn't a prototype [-Wstrict-prototypes]
 main ()
 ^
configure:14223: $? = 0
configure:14233: result: yes
configure:14210: checking whether gcc understands -Wbitwise
configure:14223: gcc -c -g -O2  -Wall -Wstrict-prototypes -Wnested-externs -Werror=missing-prototypes -Werror=implicit-function-declaration -Werror=pointer-arith -Werror=init-self -Werror=format=2 -Werror=missing-include-dirs  -DG_DISABLE_DEPRECATED -Wsign-compare -Wpointer-arith -Wchar-subscripts -Wwrite-strings -Wdeclaration-after-statement -Wnested-externs -Wmissing-noreturn -Werror=missing-prototypes -Werror=nested-externs -Werror=implicit-function-declaration -Wmissing-declarations -Wno-pointer-sign -Werror=format-security  -Wbitwise  conftest.c >&5
gcc: error: unrecognized command line option '-Wbitwise'
configure:14223: $? = 1
configure: failed program was:
| /* confdefs.h */
| #define PACKAGE_NAME "libgsf"
| #define PACKAGE_TARNAME "libgsf"
| #define PACKAGE_VERSION "1.14.30"
| #define PACKAGE_STRING "libgsf 1.14.30"
| #define PACKAGE_BUGREPORT "http://bugzilla.gnome.org/enter_bug.cgi?product=libgsf"
| #define PACKAGE_URL ""
| #define PACKAGE "libgsf"
| #define VERSION "1.14.30"
| #define STDC_HEADERS 1
| #define HAVE_SYS_TYPES_H 1
| #define HAVE_SYS_STAT_H 1
| #define HAVE_STDLIB_H 1
| #define HAVE_STRING_H 1
| #define HAVE_MEMORY_H 1
| #define HAVE_STRINGS_H 1
| #define HAVE_INTTYPES_H 1
| #define HAVE_STDINT_H 1
| #define HAVE_UNISTD_H 1
| #define HAVE_DLFCN_H 1
| #define LT_OBJDIR ".libs/"
| #define HAVE_FSEEKO 1
| #define HAVE_LOCALE_H 1
| #define HAVE_LC_MESSAGES 1
| #define HAVE_BIND_TEXTDOMAIN_CODESET 1
| #define HAVE_GETTEXT 1
| #define HAVE_DCGETTEXT 1
| #define ENABLE_NLS 1
| #define GETTEXT_PACKAGE "libgsf"
| /* end confdefs.h.  */
| #include <stdio.h>
| int
| main ()
| {
| 
|   ;
|   return 0;
| }
configure:14233: result: no
configure:14210: checking whether gcc understands -Wcast-to-as
configure:14223: gcc -c -g -O2  -Wall -Wstrict-prototypes -Wnested-externs -Werror=missing-prototypes -Werror=implicit-function-declaration -Werror=pointer-arith -Werror=init-self -Werror=format=2 -Werror=missing-include-dirs  -DG_DISABLE_DEPRECATED -Wsign-compare -Wpointer-arith -Wchar-subscripts -Wwrite-strings -Wdeclaration-after-statement -Wnested-externs -Wmissing-noreturn -Werror=missing-prototypes -Werror=nested-externs -Werror=implicit-function-declaration -Wmissing-declarations -Wno-pointer-sign -Werror=format-security  -Wcast-to-as  conftest.c >&5
gcc: error: unrecognized command line option '-Wcast-to-as'
configure:14223: $? = 1
configure: failed program was:
| /* confdefs.h */
| #define PACKAGE_NAME "libgsf"
| #define PACKAGE_TARNAME "libgsf"
| #define PACKAGE_VERSION "1.14.30"
| #define PACKAGE_STRING "libgsf 1.14.30"
| #define PACKAGE_BUGREPORT "http://bugzilla.gnome.org/enter_bug.cgi?product=libgsf"
| #define PACKAGE_URL ""
| #define PACKAGE "libgsf"
| #define VERSION "1.14.30"
| #define STDC_HEADERS 1
| #define HAVE_SYS_TYPES_H 1
| #define HAVE_SYS_STAT_H 1
| #define HAVE_STDLIB_H 1
| #define HAVE_STRING_H 1
| #define HAVE_MEMORY_H 1
| #define HAVE_STRINGS_H 1
| #define HAVE_INTTYPES_H 1
| #define HAVE_STDINT_H 1
| #define HAVE_UNISTD_H 1
| #define HAVE_DLFCN_H 1
| #define LT_OBJDIR ".libs/"
| #define HAVE_FSEEKO 1
| #define HAVE_LOCALE_H 1
| #define HAVE_LC_MESSAGES 1
| #define HAVE_BIND_TEXTDOMAIN_CODESET 1
| #define HAVE_GETTEXT 1
| #define HAVE_DCGETTEXT 1
| #define ENABLE_NLS 1
| #define GETTEXT_PACKAGE "libgsf"
| /* end confdefs.h.  */
| #include <stdio.h>
| int
| main ()
| {
| 
|   ;
|   return 0;
| }
configure:14233: result: no
configure:14210: checking whether gcc understands -Wdefault-bitfield-sign
configure:14223: gcc -c -g -O2  -Wall -Wstrict-prototypes -Wnested-externs -Werror=missing-prototypes -Werror=implicit-function-declaration -Werror=pointer-arith -Werror=init-self -Werror=format=2 -Werror=missing-include-dirs  -DG_DISABLE_DEPRECATED -Wsign-compare -Wpointer-arith -Wchar-subscripts -Wwrite-strings -Wdeclaration-after-statement -Wnested-externs -Wmissing-noreturn -Werror=missing-prototypes -Werror=nested-externs -Werror=implicit-function-declaration -Wmissing-declarations -Wno-pointer-sign -Werror=format-security  -Wdefault-bitfield-sign  conftest.c >&5
gcc: error: unrecognized command line option '-Wdefault-bitfield-sign'
configure:14223: $? = 1
configure: failed program was:
| /* confdefs.h */
| #define PACKAGE_NAME "libgsf"
| #define PACKAGE_TARNAME "libgsf"
| #define PACKAGE_VERSION "1.14.30"
| #define PACKAGE_STRING "libgsf 1.14.30"
| #define PACKAGE_BUGREPORT "http://bugzilla.gnome.org/enter_bug.cgi?product=libgsf"
| #define PACKAGE_URL ""
| #define PACKAGE "libgsf"
| #define VERSION "1.14.30"
| #define STDC_HEADERS 1
| #define HAVE_SYS_TYPES_H 1
| #define HAVE_SYS_STAT_H 1
| #define HAVE_STDLIB_H 1
| #define HAVE_STRING_H 1
| #define HAVE_MEMORY_H 1
| #define HAVE_STRINGS_H 1
| #define HAVE_INTTYPES_H 1
| #define HAVE_STDINT_H 1
| #define HAVE_UNISTD_H 1
| #define HAVE_DLFCN_H 1
| #define LT_OBJDIR ".libs/"
| #define HAVE_FSEEKO 1
| #define HAVE_LOCALE_H 1
| #define HAVE_LC_MESSAGES 1
| #define HAVE_BIND_TEXTDOMAIN_CODESET 1
| #define HAVE_GETTEXT 1
| #define HAVE_DCGETTEXT 1
| #define ENABLE_NLS 1
| #define GETTEXT_PACKAGE "libgsf"
| /* end confdefs.h.  */
| #include <stdio.h>
| int
| main ()
| {
| 
|   ;
|   return 0;
| }
configure:14233: result: no
configure:14210: checking whether gcc understands -Wdo-while
configure:14223: gcc -c -g -O2  -Wall -Wstrict-prototypes -Wnested-externs -Werror=missing-prototypes -Werror=implicit-function-declaration -Werror=pointer-arith -Werror=init-self -Werror=format=2 -Werror=missing-include-dirs  -DG_DISABLE_DEPRECATED -Wsign-compare -Wpointer-arith -Wchar-subscripts -Wwrite-strings -Wdeclaration-after-statement -Wnested-externs -Wmissing-noreturn -Werror=missing-prototypes -Werror=nested-externs -Werror=implicit-function-declaration -Wmissing-declarations -Wno-pointer-sign -Werror=format-security  -Wdo-while  conftest.c >&5
gcc: error: unrecognized command line option '-Wdo-while'
configure:14223: $? = 1
configure: failed program was:
| /* confdefs.h */
| #define PACKAGE_NAME "libgsf"
| #define PACKAGE_TARNAME "libgsf"
| #define PACKAGE_VERSION "1.14.30"
| #define PACKAGE_STRING "libgsf 1.14.30"
| #define PACKAGE_BUGREPORT "http://bugzilla.gnome.org/enter_bug.cgi?product=libgsf"
| #define PACKAGE_URL ""
| #define PACKAGE "libgsf"
| #define VERSION "1.14.30"
| #define STDC_HEADERS 1
| #define HAVE_SYS_TYPES_H 1
| #define HAVE_SYS_STAT_H 1
| #define HAVE_STDLIB_H 1
| #define HAVE_STRING_H 1
| #define HAVE_MEMORY_H 1
| #define HAVE_STRINGS_H 1
| #define HAVE_INTTYPES_H 1
| #define HAVE_STDINT_H 1
| #define HAVE_UNISTD_H 1
| #define HAVE_DLFCN_H 1
| #define LT_OBJDIR ".libs/"
| #define HAVE_FSEEKO 1
| #define HAVE_LOCALE_H 1
| #define HAVE_LC_MESSAGES 1
| #define HAVE_BIND_TEXTDOMAIN_CODESET 1
| #define HAVE_GETTEXT 1
| #define HAVE_DCGETTEXT 1
| #define ENABLE_NLS 1
| #define GETTEXT_PACKAGE "libgsf"
| /* end confdefs.h.  */
| #include <stdio.h>
| int
| main ()
| {
| 
|   ;
|   return 0;
| }
configure:14233: result: no
configure:14210: checking whether gcc understands -Wparen-string
configure:14223: gcc -c -g -O2  -Wall -Wstrict-prototypes -Wnested-externs -Werror=missing-prototypes -Werror=implicit-function-declaration -Werror=pointer-arith -Werror=init-self -Werror=format=2 -Werror=missing-include-dirs  -DG_DISABLE_DEPRECATED -Wsign-compare -Wpointer-arith -Wchar-subscripts -Wwrite-strings -Wdeclaration-after-statement -Wnested-externs -Wmissing-noreturn -Werror=missing-prototypes -Werror=nested-externs -Werror=implicit-function-declaration -Wmissing-declarations -Wno-pointer-sign -Werror=format-security  -Wparen-string  conftest.c >&5
gcc: error: unrecognized command line option '-Wparen-string'
configure:14223: $? = 1
configure: failed program was:
| /* confdefs.h */
| #define PACKAGE_NAME "libgsf"
| #define PACKAGE_TARNAME "libgsf"
| #define PACKAGE_VERSION "1.14.30"
| #define PACKAGE_STRING "libgsf 1.14.30"
| #define PACKAGE_BUGREPORT "http://bugzilla.gnome.org/enter_bug.cgi?product=libgsf"
| #define PACKAGE_URL ""
| #define PACKAGE "libgsf"
| #define VERSION "1.14.30"
| #define STDC_HEADERS 1
| #define HAVE_SYS_TYPES_H 1
| #define HAVE_SYS_STAT_H 1
| #define HAVE_STDLIB_H 1
| #define HAVE_STRING_H 1
| #define HAVE_MEMORY_H 1
| #define HAVE_STRINGS_H 1
| #define HAVE_INTTYPES_H 1
| #define HAVE_STDINT_H 1
| #define HAVE_UNISTD_H 1
| #define HAVE_DLFCN_H 1
| #define LT_OBJDIR ".libs/"
| #define HAVE_FSEEKO 1
| #define HAVE_LOCALE_H 1
| #define HAVE_LC_MESSAGES 1
| #define HAVE_BIND_TEXTDOMAIN_CODESET 1
| #define HAVE_GETTEXT 1
| #define HAVE_DCGETTEXT 1
| #define ENABLE_NLS 1
| #define GETTEXT_PACKAGE "libgsf"
| /* end confdefs.h.  */
| #include <stdio.h>
| int
| main ()
| {
| 
|   ;
|   return 0;
| }
configure:14233: result: no
configure:14210: checking whether gcc understands -Wptr-subtraction-blows
configure:14223: gcc -c -g -O2  -Wall -Wstrict-prototypes -Wnested-externs -Werror=missing-prototypes -Werror=implicit-function-declaration -Werror=pointer-arith -Werror=init-self -Werror=format=2 -Werror=missing-include-dirs  -DG_DISABLE_DEPRECATED -Wsign-compare -Wpointer-arith -Wchar-subscripts -Wwrite-strings -Wdeclaration-after-statement -Wnested-externs -Wmissing-noreturn -Werror=missing-prototypes -Werror=nested-externs -Werror=implicit-function-declaration -Wmissing-declarations -Wno-pointer-sign -Werror=format-security  -Wptr-subtraction-blows  conftest.c >&5
gcc: error: unrecognized command line option '-Wptr-subtraction-blows'
configure:14223: $? = 1
configure: failed program was:
| /* confdefs.h */
| #define PACKAGE_NAME "libgsf"
| #define PACKAGE_TARNAME "libgsf"
| #define PACKAGE_VERSION "1.14.30"
| #define PACKAGE_STRING "libgsf 1.14.30"
| #define PACKAGE_BUGREPORT "http://bugzilla.gnome.org/enter_bug.cgi?product=libgsf"
| #define PACKAGE_URL ""
| #define PACKAGE "libgsf"
| #define VERSION "1.14.30"
| #define STDC_HEADERS 1
| #define HAVE_SYS_TYPES_H 1
| #define HAVE_SYS_STAT_H 1
| #define HAVE_STDLIB_H 1
| #define HAVE_STRING_H 1
| #define HAVE_MEMORY_H 1
| #define HAVE_STRINGS_H 1
| #define HAVE_INTTYPES_H 1
| #define HAVE_STDINT_H 1
| #define HAVE_UNISTD_H 1
| #define HAVE_DLFCN_H 1
| #define LT_OBJDIR ".libs/"
| #define HAVE_FSEEKO 1
| #define HAVE_LOCALE_H 1
| #define HAVE_LC_MESSAGES 1
| #define HAVE_BIND_TEXTDOMAIN_CODESET 1
| #define HAVE_GETTEXT 1
| #define HAVE_DCGETTEXT 1
| #define ENABLE_NLS 1
| #define GETTEXT_PACKAGE "libgsf"
| /* end confdefs.h.  */
| #include <stdio.h>
| int
| main ()
| {
| 
|   ;
|   return 0;
| }
configure:14233: result: no
configure:14210: checking whether gcc understands -Wreturn-void
configure:14223: gcc -c -g -O2  -Wall -Wstrict-prototypes -Wnested-externs -Werror=missing-prototypes -Werror=implicit-function-declaration -Werror=pointer-arith -Werror=init-self -Werror=format=2 -Werror=missing-include-dirs  -DG_DISABLE_DEPRECATED -Wsign-compare -Wpointer-arith -Wchar-subscripts -Wwrite-strings -Wdeclaration-after-statement -Wnested-externs -Wmissing-noreturn -Werror=missing-prototypes -Werror=nested-externs -Werror=implicit-function-declaration -Wmissing-declarations -Wno-pointer-sign -Werror=format-security  -Wreturn-void  conftest.c >&5
gcc: error: unrecognized command line option '-Wreturn-void'
configure:14223: $? = 1
configure: failed program was:
| /* confdefs.h */
| #define PACKAGE_NAME "libgsf"
| #define PACKAGE_TARNAME "libgsf"
| #define PACKAGE_VERSION "1.14.30"
| #define PACKAGE_STRING "libgsf 1.14.30"
| #define PACKAGE_BUGREPORT "http://bugzilla.gnome.org/enter_bug.cgi?product=libgsf"
| #define PACKAGE_URL ""
| #define PACKAGE "libgsf"
| #define VERSION "1.14.30"
| #define STDC_HEADERS 1
| #define HAVE_SYS_TYPES_H 1
| #define HAVE_SYS_STAT_H 1
| #define HAVE_STDLIB_H 1
| #define HAVE_STRING_H 1
| #define HAVE_MEMORY_H 1
| #define HAVE_STRINGS_H 1
| #define HAVE_INTTYPES_H 1
| #define HAVE_STDINT_H 1
| #define HAVE_UNISTD_H 1
| #define HAVE_DLFCN_H 1
| #define LT_OBJDIR ".libs/"
| #define HAVE_FSEEKO 1
| #define HAVE_LOCALE_H 1
| #define HAVE_LC_MESSAGES 1
| #define HAVE_BIND_TEXTDOMAIN_CODESET 1
| #define HAVE_GETTEXT 1
| #define HAVE_DCGETTEXT 1
| #define ENABLE_NLS 1
| #define GETTEXT_PACKAGE "libgsf"
| /* end confdefs.h.  */
| #include <stdio.h>
| int
| main ()
| {
| 
|   ;
|   return 0;
| }
configure:14233: result: no
configure:14210: checking whether gcc understands -Wtypesign
configure:14223: gcc -c -g -O2  -Wall -Wstrict-prototypes -Wnested-externs -Werror=missing-prototypes -Werror=implicit-function-declaration -Werror=pointer-arith -Werror=init-self -Werror=format=2 -Werror=missing-include-dirs  -DG_DISABLE_DEPRECATED -Wsign-compare -Wpointer-arith -Wchar-subscripts -Wwrite-strings -Wdeclaration-after-statement -Wnested-externs -Wmissing-noreturn -Werror=missing-prototypes -Werror=nested-externs -Werror=implicit-function-declaration -Wmissing-declarations -Wno-pointer-sign -Werror=format-security  -Wtypesign  conftest.c >&5
gcc: error: unrecognized command line option '-Wtypesign'
configure:14223: $? = 1
configure: failed program was:
| /* confdefs.h */
| #define PACKAGE_NAME "libgsf"
| #define PACKAGE_TARNAME "libgsf"
| #define PACKAGE_VERSION "1.14.30"
| #define PACKAGE_STRING "libgsf 1.14.30"
| #define PACKAGE_BUGREPORT "http://bugzilla.gnome.org/enter_bug.cgi?product=libgsf"
| #define PACKAGE_URL ""
| #define PACKAGE "libgsf"
| #define VERSION "1.14.30"
| #define STDC_HEADERS 1
| #define HAVE_SYS_TYPES_H 1
| #define HAVE_SYS_STAT_H 1
| #define HAVE_STDLIB_H 1
| #define HAVE_STRING_H 1
| #define HAVE_MEMORY_H 1
| #define HAVE_STRINGS_H 1
| #define HAVE_INTTYPES_H 1
| #define HAVE_STDINT_H 1
| #define HAVE_UNISTD_H 1
| #define HAVE_DLFCN_H 1
| #define LT_OBJDIR ".libs/"
| #define HAVE_FSEEKO 1
| #define HAVE_LOCALE_H 1
| #define HAVE_LC_MESSAGES 1
| #define HAVE_BIND_TEXTDOMAIN_CODESET 1
| #define HAVE_GETTEXT 1
| #define HAVE_DCGETTEXT 1
| #define ENABLE_NLS 1
| #define GETTEXT_PACKAGE "libgsf"
| /* end confdefs.h.  */
| #include <stdio.h>
| int
| main ()
| {
| 
|   ;
|   return 0;
| }
configure:14233: result: no
configure:14210: checking whether gcc understands -Wstrict-prototypes
configure:14223: gcc -c -g -O2  -Wall -Wstrict-prototypes -Wnested-externs -Werror=missing-prototypes -Werror=implicit-function-declaration -Werror=pointer-arith -Werror=init-self -Werror=format=2 -Werror=missing-include-dirs  -DG_DISABLE_DEPRECATED -Wsign-compare -Wpointer-arith -Wchar-subscripts -Wwrite-strings -Wdeclaration-after-statement -Wnested-externs -Wmissing-noreturn -Werror=missing-prototypes -Werror=nested-externs -Werror=implicit-function-declaration -Wmissing-declarations -Wno-pointer-sign -Werror=format-security  -Wstrict-prototypes  conftest.c >&5
conftest.c:33:1: warning: function declaration isn't a prototype [-Wstrict-prototypes]
 main ()
 ^
configure:14223: $? = 0
configure:14233: result: yes
configure:14242: checking whether fdopen is declared
configure:14242: gcc -c -g -O2  -Wall -Wstrict-prototypes -Wnested-externs -Werror=missing-prototypes -Werror=implicit-function-declaration -Werror=pointer-arith -Werror=init-self -Werror=format=2 -Werror=missing-include-dirs  -DG_DISABLE_DEPRECATED -Wsign-compare -Wpointer-arith -Wchar-subscripts -Wwrite-strings -Wdeclaration-after-statement -Wnested-externs -Wmissing-noreturn -Werror=missing-prototypes -Werror=nested-externs -Werror=implicit-function-declaration -Wmissing-declarations -Wno-pointer-sign -Werror=format-security -Wstrict-prototypes  conftest.c >&5
conftest.c:65:1: warning: function declaration isn't a prototype [-Wstrict-prototypes]
 main ()
 ^
configure:14242: $? = 0
configure:14242: result: yes
configure:14267: checking whether struct timeval is available
configure:14281: gcc -c -g -O2  -Wall -Wstrict-prototypes -Wnested-externs -Werror=missing-prototypes -Werror=implicit-function-declaration -Werror=pointer-arith -Werror=init-self -Werror=format=2 -Werror=missing-include-dirs  -DG_DISABLE_DEPRECATED -Wsign-compare -Wpointer-arith -Wchar-subscripts -Wwrite-strings -Wdeclaration-after-statement -Wnested-externs -Wmissing-noreturn -Werror=missing-prototypes -Werror=nested-externs -Werror=implicit-function-declaration -Wmissing-declarations -Wno-pointer-sign -Werror=format-security -Wstrict-prototypes  conftest.c >&5
conftest.c:33:1: warning: function declaration isn't a prototype [-Wstrict-prototypes]
 main ()
 ^
conftest.c: In function 'main':
conftest.c:35:16: warning: unused variable 'tv' [-Wunused-variable]
 struct timeval tv;
                ^
configure:14281: $? = 0
configure:14291: result: yes
configure:14297: checking for struct stat.st_mtimensec
configure:14297: gcc -c -g -O2  -Wall -Wstrict-prototypes -Wnested-externs -Werror=missing-prototypes -Werror=implicit-function-declaration -Werror=pointer-arith -Werror=init-self -Werror=format=2 -Werror=missing-include-dirs  -DG_DISABLE_DEPRECATED -Wsign-compare -Wpointer-arith -Wchar-subscripts -Wwrite-strings -Wdeclaration-after-statement -Wnested-externs -Wmissing-noreturn -Werror=missing-prototypes -Werror=nested-externs -Werror=implicit-function-declaration -Wmissing-declarations -Wno-pointer-sign -Werror=format-security -Wstrict-prototypes  conftest.c >&5
conftest.c:65:1: warning: function declaration isn't a prototype [-Wstrict-prototypes]
 main ()
 ^
conftest.c: In function 'main':
conftest.c:68:12: error: 'struct stat' has no member named 'st_mtimensec'
 if (ac_aggr.st_mtimensec)
            ^
conftest.c:67:20: warning: variable 'ac_aggr' set but not used [-Wunused-but-set-variable]
 static struct stat ac_aggr;
                    ^
configure:14297: $? = 1
configure: failed program was:
| /* confdefs.h */
| #define PACKAGE_NAME "libgsf"
| #define PACKAGE_TARNAME "libgsf"
| #define PACKAGE_VERSION "1.14.30"
| #define PACKAGE_STRING "libgsf 1.14.30"
| #define PACKAGE_BUGREPORT "http://bugzilla.gnome.org/enter_bug.cgi?product=libgsf"
| #define PACKAGE_URL ""
| #define PACKAGE "libgsf"
| #define VERSION "1.14.30"
| #define STDC_HEADERS 1
| #define HAVE_SYS_TYPES_H 1
| #define HAVE_SYS_STAT_H 1
| #define HAVE_STDLIB_H 1
| #define HAVE_STRING_H 1
| #define HAVE_MEMORY_H 1
| #define HAVE_STRINGS_H 1
| #define HAVE_INTTYPES_H 1
| #define HAVE_STDINT_H 1
| #define HAVE_UNISTD_H 1
| #define HAVE_DLFCN_H 1
| #define LT_OBJDIR ".libs/"
| #define HAVE_FSEEKO 1
| #define HAVE_LOCALE_H 1
| #define HAVE_LC_MESSAGES 1
| #define HAVE_BIND_TEXTDOMAIN_CODESET 1
| #define HAVE_GETTEXT 1
| #define HAVE_DCGETTEXT 1
| #define ENABLE_NLS 1
| #define GETTEXT_PACKAGE "libgsf"
| /* end confdefs.h.  */
| #include <stdio.h>
| #ifdef HAVE_SYS_TYPES_H
| # include <sys/types.h>
| #endif
| #ifdef HAVE_SYS_STAT_H
| # include <sys/stat.h>
| #endif
| #ifdef STDC_HEADERS
| # include <stdlib.h>
| # include <stddef.h>
| #else
| # ifdef HAVE_STDLIB_H
| #  include <stdlib.h>
| # endif
| #endif
| #ifdef HAVE_STRING_H
| # if !defined STDC_HEADERS && defined HAVE_MEMORY_H
| #  include <memory.h>
| # endif
| # include <string.h>
| #endif
| #ifdef HAVE_STRINGS_H
| # include <strings.h>
| #endif
| #ifdef HAVE_INTTYPES_H
| # include <inttypes.h>
| #endif
| #ifdef HAVE_STDINT_H
| # include <stdint.h>
| #endif
| #ifdef HAVE_UNISTD_H
| # include <unistd.h>
| #endif
| int
| main ()
| {
| static struct stat ac_aggr;
| if (ac_aggr.st_mtimensec)
| return 0;
|   ;
|   return 0;
| }
configure:14297: gcc -c -g -O2  -Wall -Wstrict-prototypes -Wnested-externs -Werror=missing-prototypes -Werror=implicit-function-declaration -Werror=pointer-arith -Werror=init-self -Werror=format=2 -Werror=missing-include-dirs  -DG_DISABLE_DEPRECATED -Wsign-compare -Wpointer-arith -Wchar-subscripts -Wwrite-strings -Wdeclaration-after-statement -Wnested-externs -Wmissing-noreturn -Werror=missing-prototypes -Werror=nested-externs -Werror=implicit-function-declaration -Wmissing-declarations -Wno-pointer-sign -Werror=format-security -Wstrict-prototypes  conftest.c >&5
conftest.c:65:1: warning: function declaration isn't a prototype [-Wstrict-prototypes]
 main ()
 ^
conftest.c: In function 'main':
conftest.c:68:19: error: 'struct stat' has no member named 'st_mtimensec'
 if (sizeof ac_aggr.st_mtimensec)
                   ^
conftest.c:67:20: warning: variable 'ac_aggr' set but not used [-Wunused-but-set-variable]
 static struct stat ac_aggr;
                    ^
configure:14297: $? = 1
configure: failed program was:
| /* confdefs.h */
| #define PACKAGE_NAME "libgsf"
| #define PACKAGE_TARNAME "libgsf"
| #define PACKAGE_VERSION "1.14.30"
| #define PACKAGE_STRING "libgsf 1.14.30"
| #define PACKAGE_BUGREPORT "http://bugzilla.gnome.org/enter_bug.cgi?product=libgsf"
| #define PACKAGE_URL ""
| #define PACKAGE "libgsf"
| #define VERSION "1.14.30"
| #define STDC_HEADERS 1
| #define HAVE_SYS_TYPES_H 1
| #define HAVE_SYS_STAT_H 1
| #define HAVE_STDLIB_H 1
| #define HAVE_STRING_H 1
| #define HAVE_MEMORY_H 1
| #define HAVE_STRINGS_H 1
| #define HAVE_INTTYPES_H 1
| #define HAVE_STDINT_H 1
| #define HAVE_UNISTD_H 1
| #define HAVE_DLFCN_H 1
| #define LT_OBJDIR ".libs/"
| #define HAVE_FSEEKO 1
| #define HAVE_LOCALE_H 1
| #define HAVE_LC_MESSAGES 1
| #define HAVE_BIND_TEXTDOMAIN_CODESET 1
| #define HAVE_GETTEXT 1
| #define HAVE_DCGETTEXT 1
| #define ENABLE_NLS 1
| #define GETTEXT_PACKAGE "libgsf"
| /* end confdefs.h.  */
| #include <stdio.h>
| #ifdef HAVE_SYS_TYPES_H
| # include <sys/types.h>
| #endif
| #ifdef HAVE_SYS_STAT_H
| # include <sys/stat.h>
| #endif
| #ifdef STDC_HEADERS
| # include <stdlib.h>
| # include <stddef.h>
| #else
| # ifdef HAVE_STDLIB_H
| #  include <stdlib.h>
| # endif
| #endif
| #ifdef HAVE_STRING_H
| # if !defined STDC_HEADERS && defined HAVE_MEMORY_H
| #  include <memory.h>
| # endif
| # include <string.h>
| #endif
| #ifdef HAVE_STRINGS_H
| # include <strings.h>
| #endif
| #ifdef HAVE_INTTYPES_H
| # include <inttypes.h>
| #endif
| #ifdef HAVE_STDINT_H
| # include <stdint.h>
| #endif
| #ifdef HAVE_UNISTD_H
| # include <unistd.h>
| #endif
| int
| main ()
| {
| static struct stat ac_aggr;
| if (sizeof ac_aggr.st_mtimensec)
| return 0;
|   ;
|   return 0;
| }
configure:14297: result: no
configure:14306: checking for struct stat.st_mtim.tv_nsec
configure:14306: gcc -c -g -O2  -Wall -Wstrict-prototypes -Wnested-externs -Werror=missing-prototypes -Werror=implicit-function-declaration -Werror=pointer-arith -Werror=init-self -Werror=format=2 -Werror=missing-include-dirs  -DG_DISABLE_DEPRECATED -Wsign-compare -Wpointer-arith -Wchar-subscripts -Wwrite-strings -Wdeclaration-after-statement -Wnested-externs -Wmissing-noreturn -Werror=missing-prototypes -Werror=nested-externs -Werror=implicit-function-declaration -Wmissing-declarations -Wno-pointer-sign -Werror=format-security -Wstrict-prototypes  conftest.c >&5
conftest.c:65:1: warning: function declaration isn't a prototype [-Wstrict-prototypes]
 main ()
 ^
configure:14306: $? = 0
configure:14306: result: yes
configure:14317: checking whether -D_BSD_SOURCE is needed for caddr_t
configure:14330: gcc -c -g -O2  -Wall -Wstrict-prototypes -Wnested-externs -Werror=missing-prototypes -Werror=implicit-function-declaration -Werror=pointer-arith -Werror=init-self -Werror=format=2 -Werror=missing-include-dirs  -DG_DISABLE_DEPRECATED -Wsign-compare -Wpointer-arith -Wchar-subscripts -Wwrite-strings -Wdeclaration-after-statement -Wnested-externs -Wmissing-noreturn -Werror=missing-prototypes -Werror=nested-externs -Werror=implicit-function-declaration -Wmissing-declarations -Wno-pointer-sign -Werror=format-security -Wstrict-prototypes  conftest.c >&5
conftest.c:34:1: warning: function declaration isn't a prototype [-Wstrict-prototypes]
 main ()
 ^
conftest.c: In function 'main':
conftest.c:36:9: warning: unused variable 'ca' [-Wunused-variable]
 caddr_t ca
         ^
configure:14330: $? = 0
configure:14336: result: no
configure:14339: checking whether -D_BSD_SOURCE is needed for lstat
configure:14354: gcc -o conftest -g -O2  -Wall -Wstrict-prototypes -Wnested-externs -Werror=missing-prototypes -Werror=implicit-function-declaration -Werror=pointer-arith -Werror=init-self -Werror=format=2 -Werror=missing-include-dirs  -DG_DISABLE_DEPRECATED -Wsign-compare -Wpointer-arith -Wchar-subscripts -Wwrite-strings -Wdeclaration-after-statement -Wnested-externs -Wmissing-noreturn -Werror=missing-prototypes -Werror=nested-externs -Werror=implicit-function-declaration -Wmissing-declarations -Wno-pointer-sign -Werror=format-security -Wstrict-prototypes   conftest.c  >&5
conftest.c:36:1: warning: function declaration isn't a prototype [-Wstrict-prototypes]
 main ()
 ^
conftest.c: In function 'main':
conftest.c:38:7: warning: unused variable 'ptr' [-Wunused-variable]
 void *ptr = &lstat
       ^
configure:14354: $? = 0
configure:14361: result: no
configure:14367: checking for mode_t
configure:14367: gcc -c -g -O2  -Wall -Wstrict-prototypes -Wnested-externs -Werror=missing-prototypes -Werror=implicit-function-declaration -Werror=pointer-arith -Werror=init-self -Werror=format=2 -Werror=missing-include-dirs  -DG_DISABLE_DEPRECATED -Wsign-compare -Wpointer-arith -Wchar-subscripts -Wwrite-strings -Wdeclaration-after-statement -Wnested-externs -Wmissing-noreturn -Werror=missing-prototypes -Werror=nested-externs -Werror=implicit-function-declaration -Wmissing-declarations -Wno-pointer-sign -Werror=format-security -Wstrict-prototypes  conftest.c >&5
conftest.c:66:1: warning: function declaration isn't a prototype [-Wstrict-prototypes]
 main ()
 ^
configure:14367: $? = 0
configure:14367: gcc -c -g -O2  -Wall -Wstrict-prototypes -Wnested-externs -Werror=missing-prototypes -Werror=implicit-function-declaration -Werror=pointer-arith -Werror=init-self -Werror=format=2 -Werror=missing-include-dirs  -DG_DISABLE_DEPRECATED -Wsign-compare -Wpointer-arith -Wchar-subscripts -Wwrite-strings -Wdeclaration-after-statement -Wnested-externs -Wmissing-noreturn -Werror=missing-prototypes -Werror=nested-externs -Werror=implicit-function-declaration -Wmissing-declarations -Wno-pointer-sign -Werror=format-security -Wstrict-prototypes  conftest.c >&5
conftest.c:66:1: warning: function declaration isn't a prototype [-Wstrict-prototypes]
 main ()
 ^
conftest.c: In function 'main':
conftest.c:68:21: error: expected expression before ')' token
 if (sizeof ((mode_t)))
                     ^
configure:14367: $? = 1
configure: failed program was:
| /* confdefs.h */
| #define PACKAGE_NAME "libgsf"
| #define PACKAGE_TARNAME "libgsf"
| #define PACKAGE_VERSION "1.14.30"
| #define PACKAGE_STRING "libgsf 1.14.30"
| #define PACKAGE_BUGREPORT "http://bugzilla.gnome.org/enter_bug.cgi?product=libgsf"
| #define PACKAGE_URL ""
| #define PACKAGE "libgsf"
| #define VERSION "1.14.30"
| #define STDC_HEADERS 1
| #define HAVE_SYS_TYPES_H 1
| #define HAVE_SYS_STAT_H 1
| #define HAVE_STDLIB_H 1
| #define HAVE_STRING_H 1
| #define HAVE_MEMORY_H 1
| #define HAVE_STRINGS_H 1
| #define HAVE_INTTYPES_H 1
| #define HAVE_STDINT_H 1
| #define HAVE_UNISTD_H 1
| #define HAVE_DLFCN_H 1
| #define LT_OBJDIR ".libs/"
| #define HAVE_FSEEKO 1
| #define HAVE_LOCALE_H 1
| #define HAVE_LC_MESSAGES 1
| #define HAVE_BIND_TEXTDOMAIN_CODESET 1
| #define HAVE_GETTEXT 1
| #define HAVE_DCGETTEXT 1
| #define ENABLE_NLS 1
| #define GETTEXT_PACKAGE "libgsf"
| #define HAVE_STRUCT_STAT_ST_MTIM_TV_NSEC 1
| /* end confdefs.h.  */
| #include <stdio.h>
| #ifdef HAVE_SYS_TYPES_H
| # include <sys/types.h>
| #endif
| #ifdef HAVE_SYS_STAT_H
| # include <sys/stat.h>
| #endif
| #ifdef STDC_HEADERS
| # include <stdlib.h>
| # include <stddef.h>
| #else
| # ifdef HAVE_STDLIB_H
| #  include <stdlib.h>
| # endif
| #endif
| #ifdef HAVE_STRING_H
| # if !defined STDC_HEADERS && defined HAVE_MEMORY_H
| #  include <memory.h>
| # endif
| # include <string.h>
| #endif
| #ifdef HAVE_STRINGS_H
| # include <strings.h>
| #endif
| #ifdef HAVE_INTTYPES_H
| # include <inttypes.h>
| #endif
| #ifdef HAVE_STDINT_H
| # include <stdint.h>
| #endif
| #ifdef HAVE_UNISTD_H
| # include <unistd.h>
| #endif
| int
| main ()
| {
| if (sizeof ((mode_t)))
| 	    return 0;
|   ;
|   return 0;
| }
configure:14367: result: yes
configure:14381: checking fcntl.h usability
configure:14381: gcc -c -g -O2  -Wall -Wstrict-prototypes -Wnested-externs -Werror=missing-prototypes -Werror=implicit-function-declaration -Werror=pointer-arith -Werror=init-self -Werror=format=2 -Werror=missing-include-dirs  -DG_DISABLE_DEPRECATED -Wsign-compare -Wpointer-arith -Wchar-subscripts -Wwrite-strings -Wdeclaration-after-statement -Wnested-externs -Wmissing-noreturn -Werror=missing-prototypes -Werror=nested-externs -Werror=implicit-function-declaration -Wmissing-declarations -Wno-pointer-sign -Werror=format-security -Wstrict-prototypes  conftest.c >&5
configure:14381: $? = 0
configure:14381: result: yes
configure:14381: checking fcntl.h presence
configure:14381: gcc -E  conftest.c
configure:14381: $? = 0
configure:14381: result: yes
configure:14381: checking for fcntl.h
configure:14381: result: yes
configure:14381: checking malloc.h usability
configure:14381: gcc -c -g -O2  -Wall -Wstrict-prototypes -Wnested-externs -Werror=missing-prototypes -Werror=implicit-function-declaration -Werror=pointer-arith -Werror=init-self -Werror=format=2 -Werror=missing-include-dirs  -DG_DISABLE_DEPRECATED -Wsign-compare -Wpointer-arith -Wchar-subscripts -Wwrite-strings -Wdeclaration-after-statement -Wnested-externs -Wmissing-noreturn -Werror=missing-prototypes -Werror=nested-externs -Werror=implicit-function-declaration -Wmissing-declarations -Wno-pointer-sign -Werror=format-security -Wstrict-prototypes  conftest.c >&5
configure:14381: $? = 0
configure:14381: result: yes
configure:14381: checking malloc.h presence
configure:14381: gcc -E  conftest.c
configure:14381: $? = 0
configure:14381: result: yes
configure:14381: checking for malloc.h
configure:14381: result: yes
configure:14381: checking for unistd.h
configure:14381: result: yes
configure:14381: checking io.h usability
configure:14381: gcc -c -g -O2  -Wall -Wstrict-prototypes -Wnested-externs -Werror=missing-prototypes -Werror=implicit-function-declaration -Werror=pointer-arith -Werror=init-self -Werror=format=2 -Werror=missing-include-dirs  -DG_DISABLE_DEPRECATED -Wsign-compare -Wpointer-arith -Wchar-subscripts -Wwrite-strings -Wdeclaration-after-statement -Wnested-externs -Wmissing-noreturn -Werror=missing-prototypes -Werror=nested-externs -Werror=implicit-function-declaration -Wmissing-declarations -Wno-pointer-sign -Werror=format-security -Wstrict-prototypes  conftest.c >&5
conftest.c:68:16: fatal error: io.h: No such file or directory
 #include <io.h>
                ^
compilation terminated.
configure:14381: $? = 1
configure: failed program was:
| /* confdefs.h */
| #define PACKAGE_NAME "libgsf"
| #define PACKAGE_TARNAME "libgsf"
| #define PACKAGE_VERSION "1.14.30"
| #define PACKAGE_STRING "libgsf 1.14.30"
| #define PACKAGE_BUGREPORT "http://bugzilla.gnome.org/enter_bug.cgi?product=libgsf"
| #define PACKAGE_URL ""
| #define PACKAGE "libgsf"
| #define VERSION "1.14.30"
| #define STDC_HEADERS 1
| #define HAVE_SYS_TYPES_H 1
| #define HAVE_SYS_STAT_H 1
| #define HAVE_STDLIB_H 1
| #define HAVE_STRING_H 1
| #define HAVE_MEMORY_H 1
| #define HAVE_STRINGS_H 1
| #define HAVE_INTTYPES_H 1
| #define HAVE_STDINT_H 1
| #define HAVE_UNISTD_H 1
| #define HAVE_DLFCN_H 1
| #define LT_OBJDIR ".libs/"
| #define HAVE_FSEEKO 1
| #define HAVE_LOCALE_H 1
| #define HAVE_LC_MESSAGES 1
| #define HAVE_BIND_TEXTDOMAIN_CODESET 1
| #define HAVE_GETTEXT 1
| #define HAVE_DCGETTEXT 1
| #define ENABLE_NLS 1
| #define GETTEXT_PACKAGE "libgsf"
| #define HAVE_STRUCT_STAT_ST_MTIM_TV_NSEC 1
| #define HAVE_FCNTL_H 1
| #define HAVE_MALLOC_H 1
| #define HAVE_UNISTD_H 1
| /* end confdefs.h.  */
| #include <stdio.h>
| #ifdef HAVE_SYS_TYPES_H
| # include <sys/types.h>
| #endif
| #ifdef HAVE_SYS_STAT_H
| # include <sys/stat.h>
| #endif
| #ifdef STDC_HEADERS
| # include <stdlib.h>
| # include <stddef.h>
| #else
| # ifdef HAVE_STDLIB_H
| #  include <stdlib.h>
| # endif
| #endif
| #ifdef HAVE_STRING_H
| # if !defined STDC_HEADERS && defined HAVE_MEMORY_H
| #  include <memory.h>
| # endif
| # include <string.h>
| #endif
| #ifdef HAVE_STRINGS_H
| # include <strings.h>
| #endif
| #ifdef HAVE_INTTYPES_H
| # include <inttypes.h>
| #endif
| #ifdef HAVE_STDINT_H
| # include <stdint.h>
| #endif
| #ifdef HAVE_UNISTD_H
| # include <unistd.h>
| #endif
| #include <io.h>
configure:14381: result: no
configure:14381: checking io.h presence
configure:14381: gcc -E  conftest.c
conftest.c:35:16: fatal error: io.h: No such file or directory
 #include <io.h>
                ^
compilation terminated.
configure:14381: $? = 1
configure: failed program was:
| /* confdefs.h */
| #define PACKAGE_NAME "libgsf"
| #define PACKAGE_TARNAME "libgsf"
| #define PACKAGE_VERSION "1.14.30"
| #define PACKAGE_STRING "libgsf 1.14.30"
| #define PACKAGE_BUGREPORT "http://bugzilla.gnome.org/enter_bug.cgi?product=libgsf"
| #define PACKAGE_URL ""
| #define PACKAGE "libgsf"
| #define VERSION "1.14.30"
| #define STDC_HEADERS 1
| #define HAVE_SYS_TYPES_H 1
| #define HAVE_SYS_STAT_H 1
| #define HAVE_STDLIB_H 1
| #define HAVE_STRING_H 1
| #define HAVE_MEMORY_H 1
| #define HAVE_STRINGS_H 1
| #define HAVE_INTTYPES_H 1
| #define HAVE_STDINT_H 1
| #define HAVE_UNISTD_H 1
| #define HAVE_DLFCN_H 1
| #define LT_OBJDIR ".libs/"
| #define HAVE_FSEEKO 1
| #define HAVE_LOCALE_H 1
| #define HAVE_LC_MESSAGES 1
| #define HAVE_BIND_TEXTDOMAIN_CODESET 1
| #define HAVE_GETTEXT 1
| #define HAVE_DCGETTEXT 1
| #define ENABLE_NLS 1
| #define GETTEXT_PACKAGE "libgsf"
| #define HAVE_STRUCT_STAT_ST_MTIM_TV_NSEC 1
| #define HAVE_FCNTL_H 1
| #define HAVE_MALLOC_H 1
| #define HAVE_UNISTD_H 1
| /* end confdefs.h.  */
| #include <io.h>
configure:14381: result: no
configure:14381: checking for io.h
configure:14381: result: no
configure:14381: checking sys/statfs.h usability
configure:14381: gcc -c -g -O2  -Wall -Wstrict-prototypes -Wnested-externs -Werror=missing-prototypes -Werror=implicit-function-declaration -Werror=pointer-arith -Werror=init-self -Werror=format=2 -Werror=missing-include-dirs  -DG_DISABLE_DEPRECATED -Wsign-compare -Wpointer-arith -Wchar-subscripts -Wwrite-strings -Wdeclaration-after-statement -Wnested-externs -Wmissing-noreturn -Werror=missing-prototypes -Werror=nested-externs -Werror=implicit-function-declaration -Wmissing-declarations -Wno-pointer-sign -Werror=format-security -Wstrict-prototypes  conftest.c >&5
configure:14381: $? = 0
configure:14381: result: yes
configure:14381: checking sys/statfs.h presence
configure:14381: gcc -E  conftest.c
configure:14381: $? = 0
configure:14381: result: yes
configure:14381: checking for sys/statfs.h
configure:14381: result: yes
configure:14381: checking sys/param.h usability
configure:14381: gcc -c -g -O2  -Wall -Wstrict-prototypes -Wnested-externs -Werror=missing-prototypes -Werror=implicit-function-declaration -Werror=pointer-arith -Werror=init-self -Werror=format=2 -Werror=missing-include-dirs  -DG_DISABLE_DEPRECATED -Wsign-compare -Wpointer-arith -Wchar-subscripts -Wwrite-strings -Wdeclaration-after-statement -Wnested-externs -Wmissing-noreturn -Werror=missing-prototypes -Werror=nested-externs -Werror=implicit-function-declaration -Wmissing-declarations -Wno-pointer-sign -Werror=format-security -Wstrict-prototypes  conftest.c >&5
configure:14381: $? = 0
configure:14381: result: yes
configure:14381: checking sys/param.h presence
configure:14381: gcc -E  conftest.c
configure:14381: $? = 0
configure:14381: result: yes
configure:14381: checking for sys/param.h
configure:14381: result: yes
configure:14381: checking sys/mount.h usability
configure:14381: gcc -c -g -O2  -Wall -Wstrict-prototypes -Wnested-externs -Werror=missing-prototypes -Werror=implicit-function-declaration -Werror=pointer-arith -Werror=init-self -Werror=format=2 -Werror=missing-include-dirs  -DG_DISABLE_DEPRECATED -Wsign-compare -Wpointer-arith -Wchar-subscripts -Wwrite-strings -Wdeclaration-after-statement -Wnested-externs -Wmissing-noreturn -Werror=missing-prototypes -Werror=nested-externs -Werror=implicit-function-declaration -Wmissing-declarations -Wno-pointer-sign -Werror=format-security -Wstrict-prototypes  conftest.c >&5
configure:14381: $? = 0
configure:14381: result: yes
configure:14381: checking sys/mount.h presence
configure:14381: gcc -E  conftest.c
configure:14381: $? = 0
configure:14381: result: yes
configure:14381: checking for sys/mount.h
configure:14381: result: yes
configure:14381: checking utime.h usability
configure:14381: gcc -c -g -O2  -Wall -Wstrict-prototypes -Wnested-externs -Werror=missing-prototypes -Werror=implicit-function-declaration -Werror=pointer-arith -Werror=init-self -Werror=format=2 -Werror=missing-include-dirs  -DG_DISABLE_DEPRECATED -Wsign-compare -Wpointer-arith -Wchar-subscripts -Wwrite-strings -Wdeclaration-after-statement -Wnested-externs -Wmissing-noreturn -Werror=missing-prototypes -Werror=nested-externs -Werror=implicit-function-declaration -Wmissing-declarations -Wno-pointer-sign -Werror=format-security -Wstrict-prototypes  conftest.c >&5
configure:14381: $? = 0
configure:14381: result: yes
configure:14381: checking utime.h presence
configure:14381: gcc -E  conftest.c
configure:14381: $? = 0
configure:14381: result: yes
configure:14381: checking for utime.h
configure:14381: result: yes
configure:14381: checking sys/utime.h usability
configure:14381: gcc -c -g -O2  -Wall -Wstrict-prototypes -Wnested-externs -Werror=missing-prototypes -Werror=implicit-function-declaration -Werror=pointer-arith -Werror=init-self -Werror=format=2 -Werror=missing-include-dirs  -DG_DISABLE_DEPRECATED -Wsign-compare -Wpointer-arith -Wchar-subscripts -Wwrite-strings -Wdeclaration-after-statement -Wnested-externs -Wmissing-noreturn -Werror=missing-prototypes -Werror=nested-externs -Werror=implicit-function-declaration -Wmissing-declarations -Wno-pointer-sign -Werror=format-security -Wstrict-prototypes  conftest.c >&5
conftest.c:72:23: fatal error: sys/utime.h: No such file or directory
 #include <sys/utime.h>
                       ^
compilation terminated.
configure:14381: $? = 1
configure: failed program was:
| /* confdefs.h */
| #define PACKAGE_NAME "libgsf"
| #define PACKAGE_TARNAME "libgsf"
| #define PACKAGE_VERSION "1.14.30"
| #define PACKAGE_STRING "libgsf 1.14.30"
| #define PACKAGE_BUGREPORT "http://bugzilla.gnome.org/enter_bug.cgi?product=libgsf"
| #define PACKAGE_URL ""
| #define PACKAGE "libgsf"
| #define VERSION "1.14.30"
| #define STDC_HEADERS 1
| #define HAVE_SYS_TYPES_H 1
| #define HAVE_SYS_STAT_H 1
| #define HAVE_STDLIB_H 1
| #define HAVE_STRING_H 1
| #define HAVE_MEMORY_H 1
| #define HAVE_STRINGS_H 1
| #define HAVE_INTTYPES_H 1
| #define HAVE_STDINT_H 1
| #define HAVE_UNISTD_H 1
| #define HAVE_DLFCN_H 1
| #define LT_OBJDIR ".libs/"
| #define HAVE_FSEEKO 1
| #define HAVE_LOCALE_H 1
| #define HAVE_LC_MESSAGES 1
| #define HAVE_BIND_TEXTDOMAIN_CODESET 1
| #define HAVE_GETTEXT 1
| #define HAVE_DCGETTEXT 1
| #define ENABLE_NLS 1
| #define GETTEXT_PACKAGE "libgsf"
| #define HAVE_STRUCT_STAT_ST_MTIM_TV_NSEC 1
| #define HAVE_FCNTL_H 1
| #define HAVE_MALLOC_H 1
| #define HAVE_UNISTD_H 1
| #define HAVE_SYS_STATFS_H 1
| #define HAVE_SYS_PARAM_H 1
| #define HAVE_SYS_MOUNT_H 1
| #define HAVE_UTIME_H 1
| /* end confdefs.h.  */
| #include <stdio.h>
| #ifdef HAVE_SYS_TYPES_H
| # include <sys/types.h>
| #endif
| #ifdef HAVE_SYS_STAT_H
| # include <sys/stat.h>
| #endif
| #ifdef STDC_HEADERS
| # include <stdlib.h>
| # include <stddef.h>
| #else
| # ifdef HAVE_STDLIB_H
| #  include <stdlib.h>
| # endif
| #endif
| #ifdef HAVE_STRING_H
| # if !defined STDC_HEADERS && defined HAVE_MEMORY_H
| #  include <memory.h>
| # endif
| # include <string.h>
| #endif
| #ifdef HAVE_STRINGS_H
| # include <strings.h>
| #endif
| #ifdef HAVE_INTTYPES_H
| # include <inttypes.h>
| #endif
| #ifdef HAVE_STDINT_H
| # include <stdint.h>
| #endif
| #ifdef HAVE_UNISTD_H
| # include <unistd.h>
| #endif
| #include <sys/utime.h>
configure:14381: result: no
configure:14381: checking sys/utime.h presence
configure:14381: gcc -E  conftest.c
conftest.c:39:23: fatal error: sys/utime.h: No such file or directory
 #include <sys/utime.h>
                       ^
compilation terminated.
configure:14381: $? = 1
configure: failed program was:
| /* confdefs.h */
| #define PACKAGE_NAME "libgsf"
| #define PACKAGE_TARNAME "libgsf"
| #define PACKAGE_VERSION "1.14.30"
| #define PACKAGE_STRING "libgsf 1.14.30"
| #define PACKAGE_BUGREPORT "http://bugzilla.gnome.org/enter_bug.cgi?product=libgsf"
| #define PACKAGE_URL ""
| #define PACKAGE "libgsf"
| #define VERSION "1.14.30"
| #define STDC_HEADERS 1
| #define HAVE_SYS_TYPES_H 1
| #define HAVE_SYS_STAT_H 1
| #define HAVE_STDLIB_H 1
| #define HAVE_STRING_H 1
| #define HAVE_MEMORY_H 1
| #define HAVE_STRINGS_H 1
| #define HAVE_INTTYPES_H 1
| #define HAVE_STDINT_H 1
| #define HAVE_UNISTD_H 1
| #define HAVE_DLFCN_H 1
| #define LT_OBJDIR ".libs/"
| #define HAVE_FSEEKO 1
| #define HAVE_LOCALE_H 1
| #define HAVE_LC_MESSAGES 1
| #define HAVE_BIND_TEXTDOMAIN_CODESET 1
| #define HAVE_GETTEXT 1
| #define HAVE_DCGETTEXT 1
| #define ENABLE_NLS 1
| #define GETTEXT_PACKAGE "libgsf"
| #define HAVE_STRUCT_STAT_ST_MTIM_TV_NSEC 1
| #define HAVE_FCNTL_H 1
| #define HAVE_MALLOC_H 1
| #define HAVE_UNISTD_H 1
| #define HAVE_SYS_STATFS_H 1
| #define HAVE_SYS_PARAM_H 1
| #define HAVE_SYS_MOUNT_H 1
| #define HAVE_UTIME_H 1
| /* end confdefs.h.  */
| #include <sys/utime.h>
configure:14381: result: no
configure:14381: checking for sys/utime.h
configure:14381: result: no
configure:14397: checking for stdlib.h
configure:14397: result: yes
configure:14397: checking for unistd.h
configure:14397: result: yes
configure:14397: checking for sys/param.h
configure:14397: result: yes
configure:14417: checking for getpagesize
configure:14417: gcc -o conftest -g -O2  -Wall -Wstrict-prototypes -Wnested-externs -Werror=missing-prototypes -Werror=implicit-function-declaration -Werror=pointer-arith -Werror=init-self -Werror=format=2 -Werror=missing-include-dirs  -DG_DISABLE_DEPRECATED -Wsign-compare -Wpointer-arith -Wchar-subscripts -Wwrite-strings -Wdeclaration-after-statement -Wnested-externs -Wmissing-noreturn -Werror=missing-prototypes -Werror=nested-externs -Werror=implicit-function-declaration -Wmissing-declarations -Wno-pointer-sign -Werror=format-security -Wstrict-prototypes   conftest.c  >&5
conftest.c:65:1: warning: function declaration isn't a prototype [-Wstrict-prototypes]
 char getpagesize ();
 ^
conftest.c:74:1: warning: function declaration isn't a prototype [-Wstrict-prototypes]
 main ()
 ^
configure:14417: $? = 0
configure:14417: result: yes
configure:14426: checking for working mmap
configure:14573: gcc -o conftest -g -O2  -Wall -Wstrict-prototypes -Wnested-externs -Werror=missing-prototypes -Werror=implicit-function-declaration -Werror=pointer-arith -Werror=init-self -Werror=format=2 -Werror=missing-include-dirs  -DG_DISABLE_DEPRECATED -Wsign-compare -Wpointer-arith -Wchar-subscripts -Wwrite-strings -Wdeclaration-after-statement -Wnested-externs -Wmissing-noreturn -Werror=missing-prototypes -Werror=nested-externs -Werror=implicit-function-declaration -Wmissing-declarations -Wno-pointer-sign -Werror=format-security -Wstrict-prototypes   conftest.c  >&5
conftest.c:141:1: warning: function declaration isn't a prototype [-Wstrict-prototypes]
 main ()
 ^
configure:14573: $? = 0
configure:14573: ./conftest
configure:14573: $? = 0
configure:14583: result: yes
configure:14593: checking form of statfs
configure:14614: gcc -c -g -O2  -Wall -Wstrict-prototypes -Wnested-externs -Werror=missing-prototypes -Werror=implicit-function-declaration -Werror=pointer-arith -Werror=init-self -Werror=format=2 -Werror=missing-include-dirs  -DG_DISABLE_DEPRECATED -Wsign-compare -Wpointer-arith -Wchar-subscripts -Wwrite-strings -Wdeclaration-after-statement -Wnested-externs -Wmissing-noreturn -Werror=missing-prototypes -Werror=nested-externs -Werror=implicit-function-declaration -Wmissing-declarations -Wno-pointer-sign -Werror=format-security -Wstrict-prototypes  conftest.c >&5
conftest.c:54:1: warning: function declaration isn't a prototype [-Wstrict-prototypes]
 main ()
 ^
configure:14614: $? = 0
configure:14615: result: 2-arg, linux-style
configure:14629: checking for chown
configure:14629: gcc -o conftest -g -O2  -Wall -Wstrict-prototypes -Wnested-externs -Werror=missing-prototypes -Werror=implicit-function-declaration -Werror=pointer-arith -Werror=init-self -Werror=format=2 -Werror=missing-include-dirs  -DG_DISABLE_DEPRECATED -Wsign-compare -Wpointer-arith -Wchar-subscripts -Wwrite-strings -Wdeclaration-after-statement -Wnested-externs -Wmissing-noreturn -Werror=missing-prototypes -Werror=nested-externs -Werror=implicit-function-declaration -Wmissing-declarations -Wno-pointer-sign -Werror=format-security -Wstrict-prototypes   conftest.c  >&5
conftest.c:68:1: warning: function declaration isn't a prototype [-Wstrict-prototypes]
 char chown ();
 ^
conftest.c:77:1: warning: function declaration isn't a prototype [-Wstrict-prototypes]
 main ()
 ^
configure:14629: $? = 0
configure:14629: result: yes
configure:14629: checking for setrlimit
configure:14629: gcc -o conftest -g -O2  -Wall -Wstrict-prototypes -Wnested-externs -Werror=missing-prototypes -Werror=implicit-function-declaration -Werror=pointer-arith -Werror=init-self -Werror=format=2 -Werror=missing-include-dirs  -DG_DISABLE_DEPRECATED -Wsign-compare -Wpointer-arith -Wchar-subscripts -Wwrite-strings -Wdeclaration-after-statement -Wnested-externs -Wmissing-noreturn -Werror=missing-prototypes -Werror=nested-externs -Werror=implicit-function-declaration -Wmissing-declarations -Wno-pointer-sign -Werror=format-security -Wstrict-prototypes   conftest.c  >&5
conftest.c:69:1: warning: function declaration isn't a prototype [-Wstrict-prototypes]
 char setrlimit ();
 ^
conftest.c:78:1: warning: function declaration isn't a prototype [-Wstrict-prototypes]
 main ()
 ^
configure:14629: $? = 0
configure:14629: result: yes
configure:14641: checking for gmtime_r
configure:14641: gcc -o conftest -g -O2  -Wall -Wstrict-prototypes -Wnested-externs -Werror=missing-prototypes -Werror=implicit-function-declaration -Werror=pointer-arith -Werror=init-self -Werror=format=2 -Werror=missing-include-dirs  -DG_DISABLE_DEPRECATED -Wsign-compare -Wpointer-arith -Wchar-subscripts -Wwrite-strings -Wdeclaration-after-statement -Wnested-externs -Wmissing-noreturn -Werror=missing-prototypes -Werror=nested-externs -Werror=implicit-function-declaration -Wmissing-declarations -Wno-pointer-sign -Werror=format-security -Wstrict-prototypes   conftest.c  >&5
conftest.c:70:1: warning: function declaration isn't a prototype [-Wstrict-prototypes]
 char gmtime_r ();
 ^
conftest.c:79:1: warning: function declaration isn't a prototype [-Wstrict-prototypes]
 main ()
 ^
configure:14641: $? = 0
configure:14641: result: yes
configure:14666: checking for struct tm.tm_gmtoff
configure:14666: gcc -c -g -O2  -Wall -Wstrict-prototypes -Wnested-externs -Werror=missing-prototypes -Werror=implicit-function-declaration -Werror=pointer-arith -Werror=init-self -Werror=format=2 -Werror=missing-include-dirs  -DG_DISABLE_DEPRECATED -Wsign-compare -Wpointer-arith -Wchar-subscripts -Wwrite-strings -Wdeclaration-after-statement -Wnested-externs -Wmissing-noreturn -Werror=missing-prototypes -Werror=nested-externs -Werror=implicit-function-declaration -Wmissing-declarations -Wno-pointer-sign -Werror=format-security -Wstrict-prototypes  conftest.c >&5
conftest.c:51:1: warning: function declaration isn't a prototype [-Wstrict-prototypes]
 main ()
 ^
configure:14666: $? = 0
configure:14666: result: yes
configure:14685: checking for g_value_get_schar
configure:14685: gcc -o conftest -g -O2  -Wall -Wstrict-prototypes -Wnested-externs -Werror=missing-prototypes -Werror=implicit-function-declaration -Werror=pointer-arith -Werror=init-self -Werror=format=2 -Werror=missing-include-dirs  -DG_DISABLE_DEPRECATED -Wsign-compare -Wpointer-arith -Wchar-subscripts -Wwrite-strings -Wdeclaration-after-statement -Wnested-externs -Wmissing-noreturn -Werror=missing-prototypes -Werror=nested-externs -Werror=implicit-function-declaration -Wmissing-declarations -Wno-pointer-sign -Werror=format-security -Wstrict-prototypes -pthread -I/usr/include/glib-2.0 -I/usr/lib64/glib-2.0/include -I/usr/include/libxml2     conftest.c -lgio-2.0 -lgobject-2.0 -lglib-2.0 -lxml2    >&5
conftest.c:72:1: warning: function declaration isn't a prototype [-Wstrict-prototypes]
 char g_value_get_schar ();
 ^
conftest.c:81:1: warning: function declaration isn't a prototype [-Wstrict-prototypes]
 main ()
 ^
configure:14685: $? = 0
configure:14685: result: yes
configure:14685: checking for g_value_set_schar
configure:14685: gcc -o conftest -g -O2  -Wall -Wstrict-prototypes -Wnested-externs -Werror=missing-prototypes -Werror=implicit-function-declaration -Werror=pointer-arith -Werror=init-self -Werror=format=2 -Werror=missing-include-dirs  -DG_DISABLE_DEPRECATED -Wsign-compare -Wpointer-arith -Wchar-subscripts -Wwrite-strings -Wdeclaration-after-statement -Wnested-externs -Wmissing-noreturn -Werror=missing-prototypes -Werror=nested-externs -Werror=implicit-function-declaration -Wmissing-declarations -Wno-pointer-sign -Werror=format-security -Wstrict-prototypes -pthread -I/usr/include/glib-2.0 -I/usr/lib64/glib-2.0/include -I/usr/include/libxml2     conftest.c -lgio-2.0 -lgobject-2.0 -lglib-2.0 -lxml2    >&5
conftest.c:73:1: warning: function declaration isn't a prototype [-Wstrict-prototypes]
 char g_value_set_schar ();
 ^
conftest.c:82:1: warning: function declaration isn't a prototype [-Wstrict-prototypes]
 main ()
 ^
configure:14685: $? = 0
configure:14685: result: yes
configure:14694: checking for g_chown
configure:14707: gcc -o conftest -g -O2  -Wall -Wstrict-prototypes -Wnested-externs -Werror=missing-prototypes -Werror=implicit-function-declaration -Werror=pointer-arith -Werror=init-self -Werror=format=2 -Werror=missing-include-dirs  -DG_DISABLE_DEPRECATED -Wsign-compare -Wpointer-arith -Wchar-subscripts -Wwrite-strings -Wdeclaration-after-statement -Wnested-externs -Wmissing-noreturn -Werror=missing-prototypes -Werror=nested-externs -Werror=implicit-function-declaration -Wmissing-declarations -Wno-pointer-sign -Werror=format-security -Wstrict-prototypes -pthread -I/usr/include/glib-2.0 -I/usr/lib64/glib-2.0/include -I/usr/include/libxml2     conftest.c -lgio-2.0 -lgobject-2.0 -lglib-2.0 -lxml2    >&5
conftest.c:53:1: warning: function declaration isn't a prototype [-Wstrict-prototypes]
 main ()
 ^
conftest.c: In function 'main':
conftest.c:55:1: error: implicit declaration of function 'g_chown' [-Werror=implicit-function-declaration]
 (void)g_chown("/xxx",-1,-1);
 ^
conftest.c:55:1: error: nested extern declaration of 'g_chown' [-Werror=nested-externs]
cc1: some warnings being treated as errors
configure:14707: $? = 1
configure: failed program was:
| /* confdefs.h */
| #define PACKAGE_NAME "libgsf"
| #define PACKAGE_TARNAME "libgsf"
| #define PACKAGE_VERSION "1.14.30"
| #define PACKAGE_STRING "libgsf 1.14.30"
| #define PACKAGE_BUGREPORT "http://bugzilla.gnome.org/enter_bug.cgi?product=libgsf"
| #define PACKAGE_URL ""
| #define PACKAGE "libgsf"
| #define VERSION "1.14.30"
| #define STDC_HEADERS 1
| #define HAVE_SYS_TYPES_H 1
| #define HAVE_SYS_STAT_H 1
| #define HAVE_STDLIB_H 1
| #define HAVE_STRING_H 1
| #define HAVE_MEMORY_H 1
| #define HAVE_STRINGS_H 1
| #define HAVE_INTTYPES_H 1
| #define HAVE_STDINT_H 1
| #define HAVE_UNISTD_H 1
| #define HAVE_DLFCN_H 1
| #define LT_OBJDIR ".libs/"
| #define HAVE_FSEEKO 1
| #define HAVE_LOCALE_H 1
| #define HAVE_LC_MESSAGES 1
| #define HAVE_BIND_TEXTDOMAIN_CODESET 1
| #define HAVE_GETTEXT 1
| #define HAVE_DCGETTEXT 1
| #define ENABLE_NLS 1
| #define GETTEXT_PACKAGE "libgsf"
| #define HAVE_STRUCT_STAT_ST_MTIM_TV_NSEC 1
| #define HAVE_FCNTL_H 1
| #define HAVE_MALLOC_H 1
| #define HAVE_UNISTD_H 1
| #define HAVE_SYS_STATFS_H 1
| #define HAVE_SYS_PARAM_H 1
| #define HAVE_SYS_MOUNT_H 1
| #define HAVE_UTIME_H 1
| #define HAVE_STDLIB_H 1
| #define HAVE_UNISTD_H 1
| #define HAVE_SYS_PARAM_H 1
| #define HAVE_GETPAGESIZE 1
| #define HAVE_MMAP 1
| #define HAVE_2ARG_STATFS 1
| #define HAVE_CHOWN 1
| #define HAVE_SETRLIMIT 1
| #define HAVE_GMTIME_R 1
| #define HAVE_STRUCT_TM_TM_GMTOFF 1
| #define HAVE_G_VALUE_GET_SCHAR 1
| #define HAVE_G_VALUE_SET_SCHAR 1
| /* end confdefs.h.  */
| #include <glib/gstdio.h>
| int
| main ()
| {
| (void)g_chown("/xxx",-1,-1);
|   ;
|   return 0;
| }
configure:14714: result: no
configure:14722: checking whether macro S_ISREG is available
configure:14736: gcc -c -g -O2  -Wall -Wstrict-prototypes -Wnested-externs -Werror=missing-prototypes -Werror=implicit-function-declaration -Werror=pointer-arith -Werror=init-self -Werror=format=2 -Werror=missing-include-dirs  -DG_DISABLE_DEPRECATED -Wsign-compare -Wpointer-arith -Wchar-subscripts -Wwrite-strings -Wdeclaration-after-statement -Wnested-externs -Wmissing-noreturn -Werror=missing-prototypes -Werror=nested-externs -Werror=implicit-function-declaration -Wmissing-declarations -Wno-pointer-sign -Werror=format-security -Wstrict-prototypes  conftest.c >&5
conftest.c:54:1: warning: function declaration isn't a prototype [-Wstrict-prototypes]
 main ()
 ^
configure:14736: $? = 0
configure:14745: result: yes
configure:14748: checking for Win32 platform
configure:14888: result: no
configure:14927: checking for gtkdoc-check
configure:14945: found /usr/bin/gtkdoc-check
configure:14957: result: /usr/bin/gtkdoc-check
configure:14969: checking for gtkdoc-rebase
configure:14987: found /usr/bin/gtkdoc-rebase
configure:14999: result: /usr/bin/gtkdoc-rebase
configure:15013: checking for gtkdoc-mkpdf
configure:15031: found /usr/bin/gtkdoc-mkpdf
configure:15043: result: /usr/bin/gtkdoc-mkpdf
configure:15157: checking whether to build gtk-doc documentation
configure:15159: result: no
configure:15257: checking zlib.h usability
configure:15257: gcc -c -g -O2  -Wall -Wstrict-prototypes -Wnested-externs -Werror=missing-prototypes -Werror=implicit-function-declaration -Werror=pointer-arith -Werror=init-self -Werror=format=2 -Werror=missing-include-dirs  -DG_DISABLE_DEPRECATED -Wsign-compare -Wpointer-arith -Wchar-subscripts -Wwrite-strings -Wdeclaration-after-statement -Wnested-externs -Wmissing-noreturn -Werror=missing-prototypes -Werror=nested-externs -Werror=implicit-function-declaration -Wmissing-declarations -Wno-pointer-sign -Werror=format-security -Wstrict-prototypes  conftest.c >&5
configure:15257: $? = 0
configure:15257: result: yes
configure:15257: checking zlib.h presence
configure:15257: gcc -E  conftest.c
configure:15257: $? = 0
configure:15257: result: yes
configure:15257: checking for zlib.h
configure:15257: result: yes
configure:15259: checking for gzread in -lz
configure:15284: gcc -o conftest -g -O2  -Wall -Wstrict-prototypes -Wnested-externs -Werror=missing-prototypes -Werror=implicit-function-declaration -Werror=pointer-arith -Werror=init-self -Werror=format=2 -Werror=missing-include-dirs  -DG_DISABLE_DEPRECATED -Wsign-compare -Wpointer-arith -Wchar-subscripts -Wwrite-strings -Wdeclaration-after-statement -Wnested-externs -Wmissing-noreturn -Werror=missing-prototypes -Werror=nested-externs -Werror=implicit-function-declaration -Wmissing-declarations -Wno-pointer-sign -Werror=format-security -Wstrict-prototypes   conftest.c -lz   >&5
conftest.c:58:1: warning: function declaration isn't a prototype [-Wstrict-prototypes]
 char gzread ();
 ^
conftest.c:60:1: warning: function declaration isn't a prototype [-Wstrict-prototypes]
 main ()
 ^
configure:15284: $? = 0
configure:15293: result: yes
configure:15336: checking usable libbz2
configure:15355: gcc -o conftest -g -O2  -Wall -Wstrict-prototypes -Wnested-externs -Werror=missing-prototypes -Werror=implicit-function-declaration -Werror=pointer-arith -Werror=init-self -Werror=format=2 -Werror=missing-include-dirs  -DG_DISABLE_DEPRECATED -Wsign-compare -Wpointer-arith -Wchar-subscripts -Wwrite-strings -Wdeclaration-after-statement -Wnested-externs -Wmissing-noreturn -Werror=missing-prototypes -Werror=nested-externs -Werror=implicit-function-declaration -Wmissing-declarations -Wno-pointer-sign -Werror=format-security -Wstrict-prototypes   conftest.c -lbz2  >&5
conftest.c:56:11: warning: return type defaults to 'int' [-Wreturn-type]
           main ()
           ^
conftest.c:56:11: warning: function declaration isn't a prototype [-Wstrict-prototypes]
configure:15355: $? = 0
configure:15369: result: yes
configure:15402: checking for GDK_PIXBUF
configure:15409: $PKG_CONFIG --exists --print-errors "gdk-pixbuf-2.0"
configure:15412: $? = 0
configure:15426: $PKG_CONFIG --exists --print-errors "gdk-pixbuf-2.0"
configure:15429: $? = 0
configure:15477: result: yes
configure:15600: checking that generated files are newer than configure
configure:15606: result: done
configure:15677: creating ./config.status

## ---------------------- ##
## Running config.status. ##
## ---------------------- ##

This file was extended by libgsf config.status 1.14.30, which was
generated by GNU Autoconf 2.69.  Invocation command line was

  CONFIG_FILES    = 
  CONFIG_HEADERS  = 
  CONFIG_LINKS    = 
  CONFIG_COMMANDS = 
  $ ./config.status 

on mk-gpu-1.c.keiserlab.org

config.status:1259: creating Makefile
config.status:1259: creating m4/Makefile
config.status:1259: creating doc/Makefile
config.status:1259: creating gsf/Makefile
config.status:1259: creating gsf-win32/Makefile
config.status:1259: creating python/Makefile
config.status:1259: creating tests/Makefile
config.status:1259: creating tools/Makefile
config.status:1259: creating thumbnailer/Makefile
config.status:1259: creating po/Makefile.in
config.status:1259: creating gsf/version.c
config.status:1259: creating doc/version.xml
config.status:1259: creating libgsf-1.pc
config.status:1259: creating libgsf-1.spec
config.status:1259: creating libgsf-win32-1.pc
config.status:1259: creating libgsf-zip
config.status:1259: creating gsf-config.h
config.status:1440: gsf-config.h is unchanged
config.status:1488: executing depfiles commands
config.status:1488: executing libtool commands
config.status:1488: executing default-1 commands
config.status:1488: executing po/stamp-it commands
configure:17948: result: Configured libgsf 1.14.30

## ---------------- ##
## Cache variables. ##
## ---------------- ##

ac_cv_build=x86_64-unknown-linux-gnu
ac_cv_c_compiler_gnu=yes
ac_cv_env_CC_set=
ac_cv_env_CC_value=
ac_cv_env_CFLAGS_set=
ac_cv_env_CFLAGS_value=
ac_cv_env_CPPFLAGS_set=
ac_cv_env_CPPFLAGS_value=
ac_cv_env_CPP_set=
ac_cv_env_CPP_value=
ac_cv_env_GDK_PIXBUF_CFLAGS_set=
ac_cv_env_GDK_PIXBUF_CFLAGS_value=
ac_cv_env_GDK_PIXBUF_LIBS_set=
ac_cv_env_GDK_PIXBUF_LIBS_value=
ac_cv_env_GTKDOC_DEPS_CFLAGS_set=
ac_cv_env_GTKDOC_DEPS_CFLAGS_value=
ac_cv_env_GTKDOC_DEPS_LIBS_set=
ac_cv_env_GTKDOC_DEPS_LIBS_value=
ac_cv_env_LDFLAGS_set=
ac_cv_env_LDFLAGS_value=
ac_cv_env_LIBEXE_set=
ac_cv_env_LIBEXE_value=
ac_cv_env_LIBGSF_CFLAGS_set=
ac_cv_env_LIBGSF_CFLAGS_value=
ac_cv_env_LIBGSF_LIBS_set=
ac_cv_env_LIBGSF_LIBS_value=
ac_cv_env_LIBS_set=
ac_cv_env_LIBS_value=
ac_cv_env_PKG_CONFIG_LIBDIR_set=
ac_cv_env_PKG_CONFIG_LIBDIR_value=
ac_cv_env_PKG_CONFIG_PATH_set=set
ac_cv_env_PKG_CONFIG_PATH_value=/srv/home/dwong/consensus-learning-paper/lib/pkgconfig/
ac_cv_env_PKG_CONFIG_set=
ac_cv_env_PKG_CONFIG_value=
ac_cv_env_WINDRES_set=
ac_cv_env_WINDRES_value=
ac_cv_env_build_alias_set=
ac_cv_env_build_alias_value=
ac_cv_env_host_alias_set=
ac_cv_env_host_alias_value=
ac_cv_env_target_alias_set=
ac_cv_env_target_alias_value=
ac_cv_func_bind_textdomain_codeset=yes
ac_cv_func_chown=yes
ac_cv_func_dcgettext=yes
ac_cv_func_g_value_get_schar=yes
ac_cv_func_g_value_set_schar=yes
ac_cv_func_getpagesize=yes
ac_cv_func_gmtime_r=yes
ac_cv_func_mmap_fixed_mapped=yes
ac_cv_func_setrlimit=yes
ac_cv_have_decl_fdopen=yes
ac_cv_header_dlfcn_h=yes
ac_cv_header_fcntl_h=yes
ac_cv_header_inttypes_h=yes
ac_cv_header_io_h=no
ac_cv_header_libintl_h=yes
ac_cv_header_locale_h=yes
ac_cv_header_malloc_h=yes
ac_cv_header_memory_h=yes
ac_cv_header_stdc=yes
ac_cv_header_stdint_h=yes
ac_cv_header_stdlib_h=yes
ac_cv_header_string_h=yes
ac_cv_header_strings_h=yes
ac_cv_header_sys_mount_h=yes
ac_cv_header_sys_param_h=yes
ac_cv_header_sys_stat_h=yes
ac_cv_header_sys_statfs_h=yes
ac_cv_header_sys_types_h=yes
ac_cv_header_sys_utime_h=no
ac_cv_header_unistd_h=yes
ac_cv_header_utime_h=yes
ac_cv_header_zlib_h=yes
ac_cv_host=x86_64-unknown-linux-gnu
ac_cv_lib_z_gzread=yes
ac_cv_member_struct_stat_st_mtim_tv_nsec=yes
ac_cv_member_struct_stat_st_mtimensec=no
ac_cv_member_struct_tm_tm_gmtoff=yes
ac_cv_objext=o
ac_cv_path_EGREP='/usr/bin/grep -E'
ac_cv_path_FGREP='/usr/bin/grep -F'
ac_cv_path_GMSGFMT=/srv/home/dwong/anaconda3/envs/oldpyvips/bin/msgfmt
ac_cv_path_GREP=/usr/bin/grep
ac_cv_path_GTKDOC_CHECK=/usr/bin/gtkdoc-check
ac_cv_path_GTKDOC_MKPDF=/usr/bin/gtkdoc-mkpdf
ac_cv_path_GTKDOC_REBASE=/usr/bin/gtkdoc-rebase
ac_cv_path_INTLTOOL_EXTRACT=/usr/bin/intltool-extract
ac_cv_path_INTLTOOL_MERGE=/usr/bin/intltool-merge
ac_cv_path_INTLTOOL_PERL=/usr/bin/perl
ac_cv_path_INTLTOOL_UPDATE=/usr/bin/intltool-update
ac_cv_path_MSGFMT=/srv/home/dwong/anaconda3/envs/oldpyvips/bin/msgfmt
ac_cv_path_MSGMERGE=/srv/home/dwong/anaconda3/envs/oldpyvips/bin/msgmerge
ac_cv_path_PKG_CONFIG=/usr/bin/pkg-config
ac_cv_path_SED=/usr/bin/sed
ac_cv_path_XGETTEXT=/srv/home/dwong/anaconda3/envs/oldpyvips/bin/xgettext
ac_cv_path_install='/usr/bin/install -c'
ac_cv_path_mkdir=/usr/bin/mkdir
ac_cv_prog_AWK=gawk
ac_cv_prog_CPP='gcc -E'
ac_cv_prog_ac_ct_AR=ar
ac_cv_prog_ac_ct_CC=gcc
ac_cv_prog_ac_ct_OBJDUMP=objdump
ac_cv_prog_ac_ct_RANLIB=ranlib
ac_cv_prog_ac_ct_STRIP=strip
ac_cv_prog_cc_c89=
ac_cv_prog_cc_g=yes
ac_cv_prog_make_make_set=yes
ac_cv_sys_file_offset_bits=no
ac_cv_sys_largefile_CC=no
ac_cv_sys_largefile_source=no
ac_cv_type_mode_t=yes
am_cv_CC_dependencies_compiler_type=gcc3
am_cv_make_support_nested_variables=yes
am_cv_val_LC_MESSAGES=yes
gt_cv_func_dgettext_libc=yes
gt_cv_func_dgettext_libintl=no
gt_cv_func_ngettext_libc=yes
gt_cv_have_gettext=yes
lt_cv_ar_at_file=@
lt_cv_archive_cmds_need_lc=no
lt_cv_deplibs_check_method=pass_all
lt_cv_file_magic_cmd='$MAGIC_CMD'
lt_cv_file_magic_test_file=
lt_cv_ld_reload_flag=-r
lt_cv_nm_interface='BSD nm'
lt_cv_objdir=.libs
lt_cv_path_LD=/usr/bin/ld
lt_cv_path_NM='/usr/bin/nm -B'
lt_cv_path_mainfest_tool=no
lt_cv_prog_compiler_c_o=yes
lt_cv_prog_compiler_pic='-fPIC -DPIC'
lt_cv_prog_compiler_pic_works=yes
lt_cv_prog_compiler_rtti_exceptions=no
lt_cv_prog_compiler_static_works=no
lt_cv_prog_gnu_ld=yes
lt_cv_sharedlib_from_linklib_cmd='printf %s\n'
lt_cv_shlibpath_overrides_runpath=no
lt_cv_sys_global_symbol_pipe='sed -n -e '\''s/^.*[	 ]\([ABCDGIRSTW][ABCDGIRSTW]*\)[	 ][	 ]*\([_A-Za-z][_A-Za-z0-9]*\)$/\1 \2 \2/p'\'' | sed '\''/ __gnu_lto/d'\'''
lt_cv_sys_global_symbol_to_c_name_address='sed -n -e '\''s/^: \([^ ]*\)[ ]*$/  {\"\1\", (void *) 0},/p'\'' -e '\''s/^[ABCDGIRSTW]* \([^ ]*\) \([^ ]*\)$/  {"\2", (void *) \&\2},/p'\'''
lt_cv_sys_global_symbol_to_c_name_address_lib_prefix='sed -n -e '\''s/^: \([^ ]*\)[ ]*$/  {\"\1\", (void *) 0},/p'\'' -e '\''s/^[ABCDGIRSTW]* \([^ ]*\) \(lib[^ ]*\)$/  {"\2", (void *) \&\2},/p'\'' -e '\''s/^[ABCDGIRSTW]* \([^ ]*\) \([^ ]*\)$/  {"lib\2", (void *) \&\2},/p'\'''
lt_cv_sys_global_symbol_to_cdecl='sed -n -e '\''s/^T .* \(.*\)$/extern int \1();/p'\'' -e '\''s/^[ABCDGIRSTW]* .* \(.*\)$/extern char \1;/p'\'''
lt_cv_sys_max_cmd_len=1572864
lt_cv_to_host_file_cmd=func_convert_file_noop
lt_cv_to_tool_file_cmd=func_convert_file_noop
pkg_cv_GDK_PIXBUF_CFLAGS='-pthread -I/usr/include/gdk-pixbuf-2.0 -I/usr/include/libpng15 -I/usr/include/glib-2.0 -I/usr/lib64/glib-2.0/include  '
pkg_cv_GDK_PIXBUF_LIBS='-lgdk_pixbuf-2.0 -lgobject-2.0 -lglib-2.0  '
pkg_cv_LIBGSF_CFLAGS='-pthread -I/usr/include/glib-2.0 -I/usr/lib64/glib-2.0/include -I/usr/include/libxml2  '
pkg_cv_LIBGSF_LIBS='-lgio-2.0 -lgobject-2.0 -lglib-2.0 -lxml2  '

## ----------------- ##
## Output variables. ##
## ----------------- ##

ACLOCAL='aclocal-1.13'
ACLOCAL_AMFLAGS=''
ALL_LINGUAS=''
AMDEPBACKSLASH='\'
AMDEP_FALSE='#'
AMDEP_TRUE=''
AMTAR='$${TAR-tar}'
AM_BACKSLASH='\'
AM_DEFAULT_V='$(AM_DEFAULT_VERBOSITY)'
AM_DEFAULT_VERBOSITY='0'
AM_V='$(V)'
AR='ar'
AS='as'
AUTOCONF='autoconf'
AUTOHEADER='autoheader'
AUTOMAKE='automake-1.13'
AWK='gawk'
BZ2_LIBS='-lbz2'
CATALOGS=''
CATOBJEXT='.gmo'
CC='gcc'
CCDEPMODE='depmode=gcc3'
CFLAGS='-g -O2  -Wall -Wstrict-prototypes -Wnested-externs -Werror=missing-prototypes -Werror=implicit-function-declaration -Werror=pointer-arith -Werror=init-self -Werror=format=2 -Werror=missing-include-dirs  -DG_DISABLE_DEPRECATED -Wsign-compare -Wpointer-arith -Wchar-subscripts -Wwrite-strings -Wdeclaration-after-statement -Wnested-externs -Wmissing-noreturn -Werror=missing-prototypes -Werror=nested-externs -Werror=implicit-function-declaration -Wmissing-declarations -Wno-pointer-sign -Werror=format-security -Wstrict-prototypes'
CPP='gcc -E'
CPPFLAGS=''
CROSS_COMPILING_FALSE=''
CROSS_COMPILING_TRUE='#'
CURRENT_MINUS_AGE='114'
CYGPATH_W='echo'
DATADIRNAME='share'
DEFS='-DHAVE_CONFIG_H'
DEPDIR='.deps'
DLLTOOL='false'
DSYMUTIL=''
DUMPBIN=''
ECHO_C=''
ECHO_N='-n'
ECHO_T=''
EGREP='/usr/bin/grep -E'
ENABLE_GTK_DOC_FALSE=''
ENABLE_GTK_DOC_TRUE='#'
EXEEXT=''
FGREP='/usr/bin/grep -F'
GDK_PIXBUF_CFLAGS='-pthread -I/usr/include/gdk-pixbuf-2.0 -I/usr/include/libpng15 -I/usr/include/glib-2.0 -I/usr/lib64/glib-2.0/include  '
GDK_PIXBUF_LIBS='-lgdk_pixbuf-2.0 -lgobject-2.0 -lglib-2.0  '
GETTEXT_PACKAGE='libgsf'
GIRDIR=''
GMOFILES=''
GMSGFMT='/srv/home/dwong/anaconda3/envs/oldpyvips/bin/msgfmt'
GREP='/usr/bin/grep'
GTKDOC_CHECK='/usr/bin/gtkdoc-check'
GTKDOC_DEPS_CFLAGS=''
GTKDOC_DEPS_LIBS=''
GTKDOC_MKPDF='/usr/bin/gtkdoc-mkpdf'
GTKDOC_REBASE='/usr/bin/gtkdoc-rebase'
GTK_DOC_BUILD_HTML_FALSE='#'
GTK_DOC_BUILD_HTML_TRUE=''
GTK_DOC_BUILD_PDF_FALSE=''
GTK_DOC_BUILD_PDF_TRUE='#'
GTK_DOC_INSTALLED_FALSE='#'
GTK_DOC_INSTALLED_TRUE=''
GTK_DOC_USE_LIBTOOL_FALSE='#'
GTK_DOC_USE_LIBTOOL_TRUE=''
GTK_DOC_USE_REBASE_FALSE='#'
GTK_DOC_USE_REBASE_TRUE=''
HAVE_INTROSPECTION_FALSE=''
HAVE_INTROSPECTION_TRUE='#'
HAVE_LIBEXE_FALSE=''
HAVE_LIBEXE_TRUE='#'
HTML_DIR='${datadir}/gtk-doc/html'
INSTALL_DATA='${INSTALL} -m 644'
INSTALL_PROGRAM='${INSTALL}'
INSTALL_SCRIPT='${INSTALL}'
INSTALL_STRIP_PROGRAM='$(install_sh) -c -s'
INSTOBJEXT='.mo'
INTLLIBS=''
INTLTOOL_CAVES_RULE='%.caves:     %.caves.in     $(INTLTOOL_MERGE) $(wildcard $(top_srcdir)/po/*.po) ; $(INTLTOOL_V_MERGE)LC_ALL=C $(INTLTOOL_MERGE) $(INTLTOOL_V_MERGE_OPTIONS) -d -u -c $(top_builddir)/po/.intltool-merge-cache $(top_srcdir)/po $< $@'
INTLTOOL_DESKTOP_RULE='%.desktop:   %.desktop.in   $(INTLTOOL_MERGE) $(wildcard $(top_srcdir)/po/*.po) ; $(INTLTOOL_V_MERGE)LC_ALL=C $(INTLTOOL_MERGE) $(INTLTOOL_V_MERGE_OPTIONS) -d -u -c $(top_builddir)/po/.intltool-merge-cache $(top_srcdir)/po $< $@'
INTLTOOL_DIRECTORY_RULE='%.directory: %.directory.in $(INTLTOOL_MERGE) $(wildcard $(top_srcdir)/po/*.po) ; $(INTLTOOL_V_MERGE)LC_ALL=C $(INTLTOOL_MERGE) $(INTLTOOL_V_MERGE_OPTIONS) -d -u -c $(top_builddir)/po/.intltool-merge-cache $(top_srcdir)/po $< $@'
INTLTOOL_EXTRACT='/usr/bin/intltool-extract'
INTLTOOL_KBD_RULE='%.kbd:       %.kbd.in       $(INTLTOOL_MERGE) $(wildcard $(top_srcdir)/po/*.po) ; $(INTLTOOL_V_MERGE)LC_ALL=C $(INTLTOOL_MERGE) $(INTLTOOL_V_MERGE_OPTIONS) -x -u -m -c $(top_builddir)/po/.intltool-merge-cache $(top_srcdir)/po $< $@'
INTLTOOL_KEYS_RULE='%.keys:      %.keys.in      $(INTLTOOL_MERGE) $(wildcard $(top_srcdir)/po/*.po) ; $(INTLTOOL_V_MERGE)LC_ALL=C $(INTLTOOL_MERGE) $(INTLTOOL_V_MERGE_OPTIONS) -k -u -c $(top_builddir)/po/.intltool-merge-cache $(top_srcdir)/po $< $@'
INTLTOOL_MERGE='/usr/bin/intltool-merge'
INTLTOOL_OAF_RULE='%.oaf:       %.oaf.in       $(INTLTOOL_MERGE) $(wildcard $(top_srcdir)/po/*.po) ; $(INTLTOOL_V_MERGE)LC_ALL=C $(INTLTOOL_MERGE) $(INTLTOOL_V_MERGE_OPTIONS) -o -p $(top_srcdir)/po $< $@'
INTLTOOL_PERL='/usr/bin/perl'
INTLTOOL_POLICY_RULE='%.policy:    %.policy.in    $(INTLTOOL_MERGE) $(wildcard $(top_srcdir)/po/*.po) ; $(INTLTOOL_V_MERGE)LC_ALL=C $(INTLTOOL_MERGE) $(INTLTOOL_V_MERGE_OPTIONS) -x -u -c $(top_builddir)/po/.intltool-merge-cache $(top_srcdir)/po $< $@'
INTLTOOL_PONG_RULE='%.pong:      %.pong.in      $(INTLTOOL_MERGE) $(wildcard $(top_srcdir)/po/*.po) ; $(INTLTOOL_V_MERGE)LC_ALL=C $(INTLTOOL_MERGE) $(INTLTOOL_V_MERGE_OPTIONS) -x -u -c $(top_builddir)/po/.intltool-merge-cache $(top_srcdir)/po $< $@'
INTLTOOL_PROP_RULE='%.prop:      %.prop.in      $(INTLTOOL_MERGE) $(wildcard $(top_srcdir)/po/*.po) ; $(INTLTOOL_V_MERGE)LC_ALL=C $(INTLTOOL_MERGE) $(INTLTOOL_V_MERGE_OPTIONS) -d -u -c $(top_builddir)/po/.intltool-merge-cache $(top_srcdir)/po $< $@'
INTLTOOL_SCHEMAS_RULE='%.schemas:   %.schemas.in   $(INTLTOOL_MERGE) $(wildcard $(top_srcdir)/po/*.po) ; $(INTLTOOL_V_MERGE)LC_ALL=C $(INTLTOOL_MERGE) $(INTLTOOL_V_MERGE_OPTIONS) -s -u -c $(top_builddir)/po/.intltool-merge-cache $(top_srcdir)/po $< $@'
INTLTOOL_SERVER_RULE='%.server:    %.server.in    $(INTLTOOL_MERGE) $(wildcard $(top_srcdir)/po/*.po) ; $(INTLTOOL_V_MERGE)LC_ALL=C $(INTLTOOL_MERGE) $(INTLTOOL_V_MERGE_OPTIONS) -o -u -c $(top_builddir)/po/.intltool-merge-cache $(top_srcdir)/po $< $@'
INTLTOOL_SERVICE_RULE='%.service: %.service.in   $(INTLTOOL_MERGE) $(wildcard $(top_srcdir)/po/*.po) ; $(INTLTOOL_V_MERGE)LC_ALL=C $(INTLTOOL_MERGE) $(INTLTOOL_V_MERGE_OPTIONS) -d -u -c $(top_builddir)/po/.intltool-merge-cache $(top_srcdir)/po $< $@'
INTLTOOL_SHEET_RULE='%.sheet:     %.sheet.in     $(INTLTOOL_MERGE) $(wildcard $(top_srcdir)/po/*.po) ; $(INTLTOOL_V_MERGE)LC_ALL=C $(INTLTOOL_MERGE) $(INTLTOOL_V_MERGE_OPTIONS) -x -u -c $(top_builddir)/po/.intltool-merge-cache $(top_srcdir)/po $< $@'
INTLTOOL_SOUNDLIST_RULE='%.soundlist: %.soundlist.in $(INTLTOOL_MERGE) $(wildcard $(top_srcdir)/po/*.po) ; $(INTLTOOL_V_MERGE)LC_ALL=C $(INTLTOOL_MERGE) $(INTLTOOL_V_MERGE_OPTIONS) -d -u -c $(top_builddir)/po/.intltool-merge-cache $(top_srcdir)/po $< $@'
INTLTOOL_THEME_RULE='%.theme:     %.theme.in     $(INTLTOOL_MERGE) $(wildcard $(top_srcdir)/po/*.po) ; $(INTLTOOL_V_MERGE)LC_ALL=C $(INTLTOOL_MERGE) $(INTLTOOL_V_MERGE_OPTIONS) -d -u -c $(top_builddir)/po/.intltool-merge-cache $(top_srcdir)/po $< $@'
INTLTOOL_UI_RULE='%.ui:        %.ui.in        $(INTLTOOL_MERGE) $(wildcard $(top_srcdir)/po/*.po) ; $(INTLTOOL_V_MERGE)LC_ALL=C $(INTLTOOL_MERGE) $(INTLTOOL_V_MERGE_OPTIONS) -x -u -c $(top_builddir)/po/.intltool-merge-cache $(top_srcdir)/po $< $@'
INTLTOOL_UPDATE='/usr/bin/intltool-update'
INTLTOOL_V_MERGE='$(INTLTOOL__v_MERGE_$(V))'
INTLTOOL_V_MERGE_OPTIONS='$(intltool__v_merge_options_$(V))'
INTLTOOL_XAM_RULE='%.xam:       %.xml.in       $(INTLTOOL_MERGE) $(wildcard $(top_srcdir)/po/*.po) ; $(INTLTOOL_V_MERGE)LC_ALL=C $(INTLTOOL_MERGE) $(INTLTOOL_V_MERGE_OPTIONS) -x -u -c $(top_builddir)/po/.intltool-merge-cache $(top_srcdir)/po $< $@'
INTLTOOL_XML_NOMERGE_RULE='%.xml:       %.xml.in       $(INTLTOOL_MERGE) ; $(INTLTOOL_V_MERGE)LC_ALL=C $(INTLTOOL_MERGE) $(INTLTOOL_V_MERGE_OPTIONS) -x -u --no-translations $< $@'
INTLTOOL_XML_RULE='%.xml:       %.xml.in       $(INTLTOOL_MERGE) $(wildcard $(top_srcdir)/po/*.po) ; $(INTLTOOL_V_MERGE)LC_ALL=C $(INTLTOOL_MERGE) $(INTLTOOL_V_MERGE_OPTIONS) -x -u -c $(top_builddir)/po/.intltool-merge-cache $(top_srcdir)/po $< $@'
INTLTOOL__v_MERGE_0='@echo "  ITMRG " $@;'
INTLTOOL__v_MERGE_='$(INTLTOOL__v_MERGE_$(AM_DEFAULT_VERBOSITY))'
INTROSPECTION_CFLAGS=''
INTROSPECTION_COMPILER=''
INTROSPECTION_GENERATE=''
INTROSPECTION_GIRDIR=''
INTROSPECTION_LIBS=''
INTROSPECTION_MAKEFILE=''
INTROSPECTION_SCANNER=''
INTROSPECTION_TYPELIBDIR=''
LD='/usr/bin/ld -m elf_x86_64'
LDFLAGS='-no-undefined '
LIBEXE=''
LIBGSF_CFLAGS='-pthread -I/usr/include/glib-2.0 -I/usr/lib64/glib-2.0/include -I/usr/include/libxml2  '
LIBGSF_LIBS='-lgio-2.0 -lgobject-2.0 -lglib-2.0 -lxml2  '
LIBGSF_MAJOR_VERSION='1'
LIBGSF_MICRO_VERSION='30'
LIBGSF_MINOR_VERSION='14'
LIBOBJS=''
LIBS=''
LIBTOOL='$(SHELL) $(top_builddir)/libtool'
LIPO=''
LN_S='ln -s'
LTLIBOBJS=''
MAINT=''
MAINTAINER_MODE_FALSE='#'
MAINTAINER_MODE_TRUE=''
MAKEINFO='makeinfo'
MANIFEST_TOOL=':'
MKDIR_P='/usr/bin/mkdir -p'
MKINSTALLDIRS='./mkinstalldirs'
MSGFMT='/srv/home/dwong/anaconda3/envs/oldpyvips/bin/msgfmt'
MSGFMT_OPTS='-c'
MSGMERGE='/srv/home/dwong/anaconda3/envs/oldpyvips/bin/msgmerge'
NM='/usr/bin/nm -B'
NMEDIT=''
OBJDUMP='objdump'
OBJEXT='o'
OTOOL64=''
OTOOL=''
PACKAGE='libgsf'
PACKAGE_BUGREPORT='http://bugzilla.gnome.org/enter_bug.cgi?product=libgsf'
PACKAGE_NAME='libgsf'
PACKAGE_STRING='libgsf 1.14.30'
PACKAGE_TARNAME='libgsf'
PACKAGE_URL=''
PACKAGE_VERSION='1.14.30'
PATH_SEPARATOR=':'
PKG_CONFIG='/usr/bin/pkg-config'
PKG_CONFIG_LIBDIR=''
PKG_CONFIG_PATH='/srv/home/dwong/consensus-learning-paper/lib/pkgconfig/'
POFILES=''
POSUB='po'
PO_IN_DATADIR_FALSE=''
PO_IN_DATADIR_TRUE=''
RANLIB='ranlib'
SED='/usr/bin/sed'
SET_MAKE=''
SHELL='/bin/sh'
STRIP='strip'
TYPELIBDIR=''
USE_NLS='yes'
VERSION='1.14.30'
VERSION_INFO='114:30:0'
WARN_CFLAGS=' -Wall -Wstrict-prototypes -Wnested-externs -Werror=missing-prototypes -Werror=implicit-function-declaration -Werror=pointer-arith -Werror=init-self -Werror=format=2 -Werror=missing-include-dirs '
WINDRES=''
WITH_WIN32_FALSE=''
WITH_WIN32_TRUE='#'
XGETTEXT='/srv/home/dwong/anaconda3/envs/oldpyvips/bin/xgettext'
Z_CPPFLAGS=''
Z_LIBS='-lz'
ac_ct_AR='ar'
ac_ct_CC='gcc'
ac_ct_DUMPBIN=''
am__EXEEXT_FALSE=''
am__EXEEXT_TRUE='#'
am__fastdepCC_FALSE='#'
am__fastdepCC_TRUE=''
am__include='include'
am__isrc=''
am__leading_dot='.'
am__nodep='_no'
am__quote=''
am__tar='$${TAR-tar} chof - "$$tardir"'
am__untar='$${TAR-tar} xf -'
bindir='${exec_prefix}/bin'
build='x86_64-unknown-linux-gnu'
build_alias=''
build_cpu='x86_64'
build_os='linux-gnu'
build_vendor='unknown'
datadir='${datarootdir}'
datarootdir='${prefix}/share'
docdir='${datarootdir}/doc/${PACKAGE_TARNAME}'
dvidir='${docdir}'
exec_prefix='${prefix}'
host='x86_64-unknown-linux-gnu'
host_alias=''
host_cpu='x86_64'
host_os='linux-gnu'
host_vendor='unknown'
htmldir='${docdir}'
includedir='${prefix}/include'
infodir='${datarootdir}/info'
install_sh='${SHELL} /srv/home/dwong/consensus-learning-paper/libgsf-1.14.30/install-sh'
intltool__v_merge_options_0='-q'
intltool__v_merge_options_='$(intltool__v_merge_options_$(AM_DEFAULT_VERBOSITY))'
libdir='${exec_prefix}/lib'
libexecdir='${exec_prefix}/libexec'
localedir='${datarootdir}/locale'
localstatedir='${prefix}/var'
mandir='${datarootdir}/man'
mkdir_p='$(MKDIR_P)'
oldincludedir='/usr/include'
pdfdir='${docdir}'
prefix='/srv/home/dwong/consensus-learning-paper'
program_transform_name='s,x,x,'
psdir='${docdir}'
sbindir='${exec_prefix}/sbin'
sharedstatedir='${prefix}/com'
sysconfdir='${prefix}/etc'
target_alias=''

## ----------- ##
## confdefs.h. ##
## ----------- ##

/* confdefs.h */
#define PACKAGE_NAME "libgsf"
#define PACKAGE_TARNAME "libgsf"
#define PACKAGE_VERSION "1.14.30"
#define PACKAGE_STRING "libgsf 1.14.30"
#define PACKAGE_BUGREPORT "http://bugzilla.gnome.org/enter_bug.cgi?product=libgsf"
#define PACKAGE_URL ""
#define PACKAGE "libgsf"
#define VERSION "1.14.30"
#define STDC_HEADERS 1
#define HAVE_SYS_TYPES_H 1
#define HAVE_SYS_STAT_H 1
#define HAVE_STDLIB_H 1
#define HAVE_STRING_H 1
#define HAVE_MEMORY_H 1
#define HAVE_STRINGS_H 1
#define HAVE_INTTYPES_H 1
#define HAVE_STDINT_H 1
#define HAVE_UNISTD_H 1
#define HAVE_DLFCN_H 1
#define LT_OBJDIR ".libs/"
#define HAVE_FSEEKO 1
#define HAVE_LOCALE_H 1
#define HAVE_LC_MESSAGES 1
#define HAVE_BIND_TEXTDOMAIN_CODESET 1
#define HAVE_GETTEXT 1
#define HAVE_DCGETTEXT 1
#define ENABLE_NLS 1
#define GETTEXT_PACKAGE "libgsf"
#define HAVE_STRUCT_STAT_ST_MTIM_TV_NSEC 1
#define HAVE_FCNTL_H 1
#define HAVE_MALLOC_H 1
#define HAVE_UNISTD_H 1
#define HAVE_SYS_STATFS_H 1
#define HAVE_SYS_PARAM_H 1
#define HAVE_SYS_MOUNT_H 1
#define HAVE_UTIME_H 1
#define HAVE_STDLIB_H 1
#define HAVE_UNISTD_H 1
#define HAVE_SYS_PARAM_H 1
#define HAVE_GETPAGESIZE 1
#define HAVE_MMAP 1
#define HAVE_2ARG_STATFS 1
#define HAVE_CHOWN 1
#define HAVE_SETRLIMIT 1
#define HAVE_GMTIME_R 1
#define HAVE_STRUCT_TM_TM_GMTOFF 1
#define HAVE_G_VALUE_GET_SCHAR 1
#define HAVE_G_VALUE_SET_SCHAR 1
#define HAVE_BZ2 1
#define HAVE_GDK_PIXBUF 1

configure: exit 0
